-------------------------------------------------------------------------------------------------------------
日志时间：2022-05-26 16:06:51,207 
日志级别：INFO   
日志内容：串口COM3打开失败.给定的端口名称未以 COM/com 开头或未解析为有效的串行端口。
参数名: portName

-------------------------------------------------------------------------------------------------------------
日志时间：2022-05-26 16:06:51,230 
日志级别：INFO   
日志内容：串口COM1已打开.

-------------------------------------------------------------------------------------------------------------
日志时间：2022-05-26 16:06:51,231 
日志级别：INFO   
日志内容：串口COM2已打开.

-------------------------------------------------------------------------------------------------------------
日志时间：2022-05-26 16:06:51,231 
日志级别：INFO   
日志内容：串口COM5已打开.

-------------------------------------------------------------------------------------------------------------
日志时间：2022-05-26 16:06:51,232 
日志级别：INFO   
日志内容：串口COM6已打开.

-------------------------------------------------------------------------------------------------------------
日志时间：2022-05-26 16:06:51,232 
日志级别：INFO   
日志内容：串口COM7已打开.

-------------------------------------------------------------------------------------------------------------
日志时间：2022-05-26 16:06:51,233 
日志级别：INFO   
日志内容：串口COM8已打开.

-------------------------------------------------------------------------------------------------------------
日志时间：2022-05-26 16:06:51,233 
日志级别：INFO   
日志内容：串口COM9已打开.

-------------------------------------------------------------------------------------------------------------
日志时间：2022-05-26 16:06:51,233 
日志级别：INFO   
日志内容：串口COM10已打开.

-------------------------------------------------------------------------------------------------------------
日志时间：2022-05-26 16:06:59,140 
日志级别：INFO   
日志内容：用户【wangm】登录成功

-------------------------------------------------------------------------------------------------------------
日志时间：2022-05-26 16:07:08,396 
日志级别：INFO   
日志内容：串口COM2已关闭.

-------------------------------------------------------------------------------------------------------------
日志时间：2022-05-26 16:07:08,407 
日志级别：INFO   
日志内容：串口COM5已关闭.

-------------------------------------------------------------------------------------------------------------
日志时间：2022-05-26 16:07:08,419 
日志级别：INFO   
日志内容：串口COM6已关闭.

-------------------------------------------------------------------------------------------------------------
日志时间：2022-05-26 16:07:08,430 
日志级别：INFO   
日志内容：串口COM7已关闭.

-------------------------------------------------------------------------------------------------------------
日志时间：2022-05-26 16:07:08,441 
日志级别：INFO   
日志内容：串口COM8已关闭.

-------------------------------------------------------------------------------------------------------------
日志时间：2022-05-26 16:07:08,452 
日志级别：INFO   
日志内容：串口COM9已关闭.

-------------------------------------------------------------------------------------------------------------
日志时间：2022-05-26 16:07:08,463 
日志级别：INFO   
日志内容：串口COM10已关闭.

-------------------------------------------------------------------------------------------------------------
日志时间：2022-05-26 16:07:08,582 
日志级别：INFO   
日志内容：Client.start().连接服务器【172.20.23.232:9023】成功

-------------------------------------------------------------------------------------------------------------
日志时间：2022-05-26 16:32:50,317 
日志级别：INFO   
日志内容：串口COM1已关闭.

