-------------------------------------------------------------------------------------------------------------

异常时间：2021-07-21 15:40:33,334 
异常级别：ERROR
异常内容：给定的端口名称未以 COM/com 开头或未解析为有效的串行端口。
参数名: portName
System.ArgumentException: 给定的端口名称未以 COM/com 开头或未解析为有效的串行端口。
参数名: portName
   在 System.IO.Ports.SerialStream..ctor(String portName, Int32 baudRate, Parity parity, Int32 dataBits, StopBits stopBits, Int32 readTimeout, Int32 writeTimeout, Handshake handshake, Boolean dtrEnable, Boolean rtsEnable, Boolean discardNull, Byte parityReplace)
   在 System.IO.Ports.SerialPort.Open()
   在 Utils.AutoSerialPort.OpenPort() 位置 E:\创维MES项目\程序\数据采集\生产数据采集程序\MDC\Utils\Common\AutoSerialPort.cs:行号 395
-------------------------------------------------------------------------------------------------------------

异常时间：2021-07-21 15:40:35,378 
异常级别：ERROR
异常内容：打开扫描设备失败!
System.Exception: 串口打开失败
   在 Utils.AutoSerialPort.OpenPort() 位置 E:\创维MES项目\程序\数据采集\生产数据采集程序\MDC\Utils\Common\AutoSerialPort.cs:行号 408
   在 MDC.Program.OpenDeviceCom() 位置 E:\创维MES项目\程序\数据采集\生产数据采集程序\MDC\MDC\Program.cs:行号 274
-------------------------------------------------------------------------------------------------------------

异常时间：2021-07-21 15:41:01,469 
异常级别：ERROR
异常内容：窗体加载失败
System.Exception: 获取产线在制品信息失败. ---> System.Exception: 本机IP【172.20.6.68】未在MES系统中配置
   在 MDC.BaseUI.GetLineModelProcedure(String ipAddress) 位置 E:\创维MES项目\程序\数据采集\生产数据采集程序\MDC\MDC\BaseUI.cs:行号 579
   在 MDC.frmManualScan.Initialize() 位置 E:\创维MES项目\程序\数据采集\生产数据采集程序\MDC\MDC\frmManualScan.cs:行号 595
   --- 内部异常堆栈跟踪的结尾 ---
   在 MDC.frmManualScan.Initialize() 位置 E:\创维MES项目\程序\数据采集\生产数据采集程序\MDC\MDC\frmManualScan.cs:行号 599
   在 MDC.frmManualScan.frmManualScan_Load(Object sender, EventArgs e) 位置 E:\创维MES项目\程序\数据采集\生产数据采集程序\MDC\MDC\frmManualScan.cs:行号 287
-------------------------------------------------------------------------------------------------------------

异常时间：2021-07-21 15:41:08,172 
异常级别：ERROR
异常内容：关闭扫描设备失败!串口关闭时发生错误
System.Exception: 串口关闭时发生错误
   在 Utils.AutoSerialPort.ClosePort() 位置 E:\创维MES项目\程序\数据采集\生产数据采集程序\MDC\Utils\Common\AutoSerialPort.cs:行号 437
   在 MDC.Program.CloseDeviceCom() 位置 E:\创维MES项目\程序\数据采集\生产数据采集程序\MDC\MDC\Program.cs:行号 291
