-------------------------------------------------------------------------------------------------------------

异常时间：2021-07-01 03:14:17,740 
异常级别：ERROR
异常内容：给定的端口名称未以 COM/com 开头或未解析为有效的串行端口。
参数名: portName
System.ArgumentException: 给定的端口名称未以 COM/com 开头或未解析为有效的串行端口。
参数名: portName
   在 System.IO.Ports.SerialStream..ctor(String portName, Int32 baudRate, Parity parity, Int32 dataBits, StopBits stopBits, Int32 readTimeout, Int32 writeTimeout, Handshake handshake, Boolean dtrEnable, Boolean rtsEnable, Boolean discardNull, Byte parityReplace)
   在 System.IO.Ports.SerialPort.Open()
   在 Utils.AutoSerialPort.OpenPort() 位置 E:\创维MES项目\程序\数据采集\生产数据采集程序\MDC\Utils\Common\AutoSerialPort.cs:行号 395
-------------------------------------------------------------------------------------------------------------

异常时间：2021-07-01 03:14:20,344 
异常级别：ERROR
异常内容：打开扫描设备失败!
System.Exception: 串口打开失败
   在 Utils.AutoSerialPort.OpenPort() 位置 E:\创维MES项目\程序\数据采集\生产数据采集程序\MDC\Utils\Common\AutoSerialPort.cs:行号 408
   在 MDC.Program.OpenDeviceCom() 位置 E:\创维MES项目\程序\数据采集\生产数据采集程序\MDC\MDC\Program.cs:行号 274
-------------------------------------------------------------------------------------------------------------

异常时间：2021-07-01 03:19:38,826 
异常级别：ERROR
异常内容：关闭扫描设备失败!串口关闭时发生错误
System.Exception: 串口关闭时发生错误
   在 Utils.AutoSerialPort.ClosePort() 位置 E:\创维MES项目\程序\数据采集\生产数据采集程序\MDC\Utils\Common\AutoSerialPort.cs:行号 437
   在 MDC.Program.CloseDeviceCom() 位置 E:\创维MES项目\程序\数据采集\生产数据采集程序\MDC\MDC\Program.cs:行号 291
-------------------------------------------------------------------------------------------------------------

异常时间：2021-07-01 11:41:46,689 
异常级别：ERROR
异常内容：给定的端口名称未以 COM/com 开头或未解析为有效的串行端口。
参数名: portName
System.ArgumentException: 给定的端口名称未以 COM/com 开头或未解析为有效的串行端口。
参数名: portName
   在 System.IO.Ports.SerialStream..ctor(String portName, Int32 baudRate, Parity parity, Int32 dataBits, StopBits stopBits, Int32 readTimeout, Int32 writeTimeout, Handshake handshake, Boolean dtrEnable, Boolean rtsEnable, Boolean discardNull, Byte parityReplace)
   在 System.IO.Ports.SerialPort.Open()
   在 Utils.AutoSerialPort.OpenPort() 位置 E:\创维MES项目\程序\数据采集\生产数据采集程序\MDC\Utils\Common\AutoSerialPort.cs:行号 395
-------------------------------------------------------------------------------------------------------------

异常时间：2021-07-01 11:41:49,106 
异常级别：ERROR
异常内容：打开扫描设备失败!
System.Exception: 串口打开失败
   在 Utils.AutoSerialPort.OpenPort() 位置 E:\创维MES项目\程序\数据采集\生产数据采集程序\MDC\Utils\Common\AutoSerialPort.cs:行号 408
   在 MDC.Program.OpenDeviceCom() 位置 E:\创维MES项目\程序\数据采集\生产数据采集程序\MDC\MDC\Program.cs:行号 274
-------------------------------------------------------------------------------------------------------------

异常时间：2021-07-01 11:46:57,367 
异常级别：ERROR
异常内容：给定的端口名称未以 COM/com 开头或未解析为有效的串行端口。
参数名: portName
System.ArgumentException: 给定的端口名称未以 COM/com 开头或未解析为有效的串行端口。
参数名: portName
   在 System.IO.Ports.SerialStream..ctor(String portName, Int32 baudRate, Parity parity, Int32 dataBits, StopBits stopBits, Int32 readTimeout, Int32 writeTimeout, Handshake handshake, Boolean dtrEnable, Boolean rtsEnable, Boolean discardNull, Byte parityReplace)
   在 System.IO.Ports.SerialPort.Open()
   在 Utils.AutoSerialPort.OpenPort() 位置 E:\创维MES项目\程序\数据采集\生产数据采集程序\MDC\Utils\Common\AutoSerialPort.cs:行号 395
-------------------------------------------------------------------------------------------------------------

异常时间：2021-07-01 11:46:59,285 
异常级别：ERROR
异常内容：打开扫描设备失败!
System.Exception: 串口打开失败
   在 Utils.AutoSerialPort.OpenPort() 位置 E:\创维MES项目\程序\数据采集\生产数据采集程序\MDC\Utils\Common\AutoSerialPort.cs:行号 408
   在 MDC.Program.OpenDeviceCom() 位置 E:\创维MES项目\程序\数据采集\生产数据采集程序\MDC\MDC\Program.cs:行号 274
-------------------------------------------------------------------------------------------------------------

异常时间：2021-07-01 11:47:03,212 
异常级别：ERROR
异常内容：登录失败在与 SQL Server 建立连接时出现与网络相关的或特定于实例的错误。未找到或无法访问服务器。请验证实例名称是否正确并且 SQL Server 已配置为允许远程连接。 (provider: SQL Network Interfaces, error: 26 - 定位指定的服务器/实例时出错)
System.Data.SqlClient.SqlException (0x80131904): 在与 SQL Server 建立连接时出现与网络相关的或特定于实例的错误。未找到或无法访问服务器。请验证实例名称是否正确并且 SQL Server 已配置为允许远程连接。 (provider: SQL Network Interfaces, error: 26 - 定位指定的服务器/实例时出错)
   在 System.Data.SqlClient.SqlInternalConnectionTds..ctor(DbConnectionPoolIdentity identity, SqlConnectionString connectionOptions, SqlCredential credential, Object providerInfo, String newPassword, SecureString newSecurePassword, Boolean redirectedUserInstance, SqlConnectionString userConnectionOptions, SessionData reconnectSessionData, DbConnectionPool pool, String accessToken, Boolean applyTransientFaultHandling, SqlAuthenticationProviderManager sqlAuthProviderManager)
   在 System.Data.SqlClient.SqlConnectionFactory.CreateConnection(DbConnectionOptions options, DbConnectionPoolKey poolKey, Object poolGroupProviderInfo, DbConnectionPool pool, DbConnection owningConnection, DbConnectionOptions userOptions)
   在 System.Data.ProviderBase.DbConnectionFactory.CreatePooledConnection(DbConnectionPool pool, DbConnection owningObject, DbConnectionOptions options, DbConnectionPoolKey poolKey, DbConnectionOptions userOptions)
   在 System.Data.ProviderBase.DbConnectionPool.CreateObject(DbConnection owningObject, DbConnectionOptions userOptions, DbConnectionInternal oldConnection)
   在 System.Data.ProviderBase.DbConnectionPool.UserCreateRequest(DbConnection owningObject, DbConnectionOptions userOptions, DbConnectionInternal oldConnection)
   在 System.Data.ProviderBase.DbConnectionPool.TryGetConnection(DbConnection owningObject, UInt32 waitForMultipleObjectsTimeout, Boolean allowCreate, Boolean onlyOneCheckConnection, DbConnectionOptions userOptions, DbConnectionInternal& connection)
   在 System.Data.ProviderBase.DbConnectionPool.TryGetConnection(DbConnection owningObject, TaskCompletionSource`1 retry, DbConnectionOptions userOptions, DbConnectionInternal& connection)
   在 System.Data.ProviderBase.DbConnectionFactory.TryGetConnection(DbConnection owningConnection, TaskCompletionSource`1 retry, DbConnectionOptions userOptions, DbConnectionInternal oldConnection, DbConnectionInternal& connection)
   在 System.Data.ProviderBase.DbConnectionInternal.TryOpenConnectionInternal(DbConnection outerConnection, DbConnectionFactory connectionFactory, TaskCompletionSource`1 retry, DbConnectionOptions userOptions)
   在 System.Data.ProviderBase.DbConnectionClosed.TryOpenConnection(DbConnection outerConnection, DbConnectionFactory connectionFactory, TaskCompletionSource`1 retry, DbConnectionOptions userOptions)
   在 System.Data.SqlClient.SqlConnection.TryOpenInner(TaskCompletionSource`1 retry)
   在 System.Data.SqlClient.SqlConnection.TryOpen(TaskCompletionSource`1 retry)
   在 System.Data.SqlClient.SqlConnection.Open()
   在 YJ.Data.SqlServerProvider.PrepareCommand(SqlCommand cmd, SqlConnection conn, SqlTransaction trans, CommandType cmdType, String cmdText, DbParameter[] cmdParms)
   在 YJ.Data.SqlServerProvider.ExecuteDataTable(String sql, DbParameter[] par, DbTransaction trans, String DBName, Int32 time)
   在 YJ.Data.SqlServerProvider.ExecuteDataTable(String sql, String DBName)
   在 MDC.BaseUI.Login(String account, String password) 位置 E:\创维MES项目\程序\数据采集\生产数据采集程序\MDC\MDC\BaseUI.cs:行号 251
ClientConnectionId:00000000-0000-0000-0000-000000000000
Error Number:-1,State:0,Class:20
-------------------------------------------------------------------------------------------------------------

异常时间：2021-07-01 11:47:04,598 
异常级别：ERROR
异常内容：关闭扫描设备失败!串口关闭时发生错误
System.Exception: 串口关闭时发生错误
   在 Utils.AutoSerialPort.ClosePort() 位置 E:\创维MES项目\程序\数据采集\生产数据采集程序\MDC\Utils\Common\AutoSerialPort.cs:行号 437
   在 MDC.Program.CloseDeviceCom() 位置 E:\创维MES项目\程序\数据采集\生产数据采集程序\MDC\MDC\Program.cs:行号 291
-------------------------------------------------------------------------------------------------------------

异常时间：2021-07-01 11:50:10,375 
异常级别：ERROR
异常内容：给定的端口名称未以 COM/com 开头或未解析为有效的串行端口。
参数名: portName
System.ArgumentException: 给定的端口名称未以 COM/com 开头或未解析为有效的串行端口。
参数名: portName
   在 System.IO.Ports.SerialStream..ctor(String portName, Int32 baudRate, Parity parity, Int32 dataBits, StopBits stopBits, Int32 readTimeout, Int32 writeTimeout, Handshake handshake, Boolean dtrEnable, Boolean rtsEnable, Boolean discardNull, Byte parityReplace)
   在 System.IO.Ports.SerialPort.Open()
   在 Utils.AutoSerialPort.OpenPort() 位置 E:\创维MES项目\程序\数据采集\生产数据采集程序\MDC\Utils\Common\AutoSerialPort.cs:行号 395
-------------------------------------------------------------------------------------------------------------

异常时间：2021-07-01 11:50:21,578 
异常级别：ERROR
异常内容：打开扫描设备失败!
System.Exception: 串口打开失败
   在 Utils.AutoSerialPort.OpenPort() 位置 E:\创维MES项目\程序\数据采集\生产数据采集程序\MDC\Utils\Common\AutoSerialPort.cs:行号 408
   在 MDC.Program.OpenDeviceCom() 位置 E:\创维MES项目\程序\数据采集\生产数据采集程序\MDC\MDC\Program.cs:行号 274
-------------------------------------------------------------------------------------------------------------

异常时间：2021-07-01 11:51:35,471 
异常级别：ERROR
异常内容：关闭扫描设备失败!串口关闭时发生错误
System.Exception: 串口关闭时发生错误
   在 Utils.AutoSerialPort.ClosePort() 位置 E:\创维MES项目\程序\数据采集\生产数据采集程序\MDC\Utils\Common\AutoSerialPort.cs:行号 437
   在 MDC.Program.CloseDeviceCom() 位置 E:\创维MES项目\程序\数据采集\生产数据采集程序\MDC\MDC\Program.cs:行号 291
-------------------------------------------------------------------------------------------------------------

异常时间：2021-07-01 11:54:24,723 
异常级别：ERROR
异常内容：给定的端口名称未以 COM/com 开头或未解析为有效的串行端口。
参数名: portName
System.ArgumentException: 给定的端口名称未以 COM/com 开头或未解析为有效的串行端口。
参数名: portName
   在 System.IO.Ports.SerialStream..ctor(String portName, Int32 baudRate, Parity parity, Int32 dataBits, StopBits stopBits, Int32 readTimeout, Int32 writeTimeout, Handshake handshake, Boolean dtrEnable, Boolean rtsEnable, Boolean discardNull, Byte parityReplace)
   在 System.IO.Ports.SerialPort.Open()
   在 Utils.AutoSerialPort.OpenPort() 位置 E:\创维MES项目\程序\数据采集\生产数据采集程序\MDC\Utils\Common\AutoSerialPort.cs:行号 395
-------------------------------------------------------------------------------------------------------------

异常时间：2021-07-01 11:54:26,416 
异常级别：ERROR
异常内容：打开扫描设备失败!
System.Exception: 串口打开失败
   在 Utils.AutoSerialPort.OpenPort() 位置 E:\创维MES项目\程序\数据采集\生产数据采集程序\MDC\Utils\Common\AutoSerialPort.cs:行号 408
   在 MDC.Program.OpenDeviceCom() 位置 E:\创维MES项目\程序\数据采集\生产数据采集程序\MDC\MDC\Program.cs:行号 274
-------------------------------------------------------------------------------------------------------------

异常时间：2021-07-01 11:56:47,492 
异常级别：ERROR
异常内容：关闭扫描设备失败!串口关闭时发生错误
System.Exception: 串口关闭时发生错误
   在 Utils.AutoSerialPort.ClosePort() 位置 E:\创维MES项目\程序\数据采集\生产数据采集程序\MDC\Utils\Common\AutoSerialPort.cs:行号 437
   在 MDC.Program.CloseDeviceCom() 位置 E:\创维MES项目\程序\数据采集\生产数据采集程序\MDC\MDC\Program.cs:行号 291
-------------------------------------------------------------------------------------------------------------

异常时间：2021-07-01 11:57:19,966 
异常级别：ERROR
异常内容：打开扫描设备失败!
System.Exception: 串口打开失败
   在 Utils.AutoSerialPort.OpenPort() 位置 E:\创维MES项目\程序\数据采集\生产数据采集程序\MDC\Utils\Common\AutoSerialPort.cs:行号 408
   在 MDC.Program.OpenDeviceCom() 位置 E:\创维MES项目\程序\数据采集\生产数据采集程序\MDC\MDC\Program.cs:行号 274
-------------------------------------------------------------------------------------------------------------

异常时间：2021-07-01 11:59:16,421 
异常级别：ERROR
异常内容：关闭扫描设备失败!串口关闭时发生错误
System.Exception: 串口关闭时发生错误
   在 Utils.AutoSerialPort.ClosePort() 位置 E:\创维MES项目\程序\数据采集\生产数据采集程序\MDC\Utils\Common\AutoSerialPort.cs:行号 437
   在 MDC.Program.CloseDeviceCom() 位置 E:\创维MES项目\程序\数据采集\生产数据采集程序\MDC\MDC\Program.cs:行号 291
-------------------------------------------------------------------------------------------------------------

异常时间：2021-07-01 11:59:16,490 
异常级别：ERROR
异常内容：端口“COM5”不存在。
System.IO.IOException: 端口“COM5”不存在。
   在 System.IO.Ports.InternalResources.WinIOError(Int32 errorCode, String str)
   在 System.IO.Ports.SerialStream..ctor(String portName, Int32 baudRate, Parity parity, Int32 dataBits, StopBits stopBits, Int32 readTimeout, Int32 writeTimeout, Handshake handshake, Boolean dtrEnable, Boolean rtsEnable, Boolean discardNull, Byte parityReplace)
   在 System.IO.Ports.SerialPort.Open()
   在 Utils.SerialPortUtil.OpenPort() 位置 E:\创维MES项目\程序\数据采集\生产数据采集程序\MDC\Utils\Common\SerialPortUtil.cs:行号 312
-------------------------------------------------------------------------------------------------------------

异常时间：2021-07-01 11:59:16,515 
异常级别：ERROR
异常内容：端口“COM5”不存在。
System.IO.IOException: 端口“COM5”不存在。
   在 Utils.SerialPortUtil.OpenPort() 位置 E:\创维MES项目\程序\数据采集\生产数据采集程序\MDC\Utils\Common\SerialPortUtil.cs:行号 317
   在 MDC.frmLCDPrinter.ClientStart() 位置 E:\创维MES项目\程序\数据采集\生产数据采集程序\MDC\MDC\frmLCDPrinter.cs:行号 542
-------------------------------------------------------------------------------------------------------------

异常时间：2021-07-01 11:59:23,711 
异常级别：ERROR
异常内容：未将对象引用设置到对象的实例。
System.NullReferenceException: 未将对象引用设置到对象的实例。
   在 MDC.frmLCDPrinter.ReaderTriggerOn(Boolean isOn, Int32 readerType) 位置 E:\创维MES项目\程序\数据采集\生产数据采集程序\MDC\MDC\frmLCDPrinter.cs:行号 1056
-------------------------------------------------------------------------------------------------------------

异常时间：2021-07-01 11:59:24,918 
异常级别：ERROR
异常内容：打开扫描设备失败!
System.Exception: 串口打开失败
   在 Utils.AutoSerialPort.OpenPort() 位置 E:\创维MES项目\程序\数据采集\生产数据采集程序\MDC\Utils\Common\AutoSerialPort.cs:行号 408
   在 MDC.Program.OpenDeviceCom() 位置 E:\创维MES项目\程序\数据采集\生产数据采集程序\MDC\MDC\Program.cs:行号 274
-------------------------------------------------------------------------------------------------------------

异常时间：2021-07-01 11:59:39,506 
异常级别：ERROR
异常内容：关闭扫描设备失败!串口关闭时发生错误
System.Exception: 串口关闭时发生错误
   在 Utils.AutoSerialPort.ClosePort() 位置 E:\创维MES项目\程序\数据采集\生产数据采集程序\MDC\Utils\Common\AutoSerialPort.cs:行号 437
   在 MDC.Program.CloseDeviceCom() 位置 E:\创维MES项目\程序\数据采集\生产数据采集程序\MDC\MDC\Program.cs:行号 291
-------------------------------------------------------------------------------------------------------------

异常时间：2021-07-01 12:09:57,101 
异常级别：ERROR
异常内容：给定的端口名称未以 COM/com 开头或未解析为有效的串行端口。
参数名: portName
System.ArgumentException: 给定的端口名称未以 COM/com 开头或未解析为有效的串行端口。
参数名: portName
   在 System.IO.Ports.SerialStream..ctor(String portName, Int32 baudRate, Parity parity, Int32 dataBits, StopBits stopBits, Int32 readTimeout, Int32 writeTimeout, Handshake handshake, Boolean dtrEnable, Boolean rtsEnable, Boolean discardNull, Byte parityReplace)
   在 System.IO.Ports.SerialPort.Open()
   在 Utils.AutoSerialPort.OpenPort() 位置 E:\创维MES项目\程序\数据采集\生产数据采集程序\MDC\Utils\Common\AutoSerialPort.cs:行号 395
-------------------------------------------------------------------------------------------------------------

异常时间：2021-07-01 12:09:59,473 
异常级别：ERROR
异常内容：打开扫描设备失败!
System.Exception: 串口打开失败
   在 Utils.AutoSerialPort.OpenPort() 位置 E:\创维MES项目\程序\数据采集\生产数据采集程序\MDC\Utils\Common\AutoSerialPort.cs:行号 408
   在 MDC.Program.OpenDeviceCom() 位置 E:\创维MES项目\程序\数据采集\生产数据采集程序\MDC\MDC\Program.cs:行号 274
-------------------------------------------------------------------------------------------------------------

异常时间：2021-07-01 12:10:11,847 
异常级别：ERROR
异常内容：关闭扫描设备失败!串口关闭时发生错误
System.Exception: 串口关闭时发生错误
   在 Utils.AutoSerialPort.ClosePort() 位置 E:\创维MES项目\程序\数据采集\生产数据采集程序\MDC\Utils\Common\AutoSerialPort.cs:行号 437
   在 MDC.Program.CloseDeviceCom() 位置 E:\创维MES项目\程序\数据采集\生产数据采集程序\MDC\MDC\Program.cs:行号 291
-------------------------------------------------------------------------------------------------------------

异常时间：2021-07-01 12:12:59,074 
异常级别：ERROR
异常内容：给定的端口名称未以 COM/com 开头或未解析为有效的串行端口。
参数名: portName
System.ArgumentException: 给定的端口名称未以 COM/com 开头或未解析为有效的串行端口。
参数名: portName
   在 System.IO.Ports.SerialStream..ctor(String portName, Int32 baudRate, Parity parity, Int32 dataBits, StopBits stopBits, Int32 readTimeout, Int32 writeTimeout, Handshake handshake, Boolean dtrEnable, Boolean rtsEnable, Boolean discardNull, Byte parityReplace)
   在 System.IO.Ports.SerialPort.Open()
   在 Utils.AutoSerialPort.OpenPort() 位置 E:\创维MES项目\程序\数据采集\生产数据采集程序\MDC\Utils\Common\AutoSerialPort.cs:行号 395
-------------------------------------------------------------------------------------------------------------

异常时间：2021-07-01 12:13:02,932 
异常级别：ERROR
异常内容：打开扫描设备失败!
System.Exception: 串口打开失败
   在 Utils.AutoSerialPort.OpenPort() 位置 E:\创维MES项目\程序\数据采集\生产数据采集程序\MDC\Utils\Common\AutoSerialPort.cs:行号 408
   在 MDC.Program.OpenDeviceCom() 位置 E:\创维MES项目\程序\数据采集\生产数据采集程序\MDC\MDC\Program.cs:行号 274
