-------------------------------------------------------------------------------------------------------------

异常时间：2021-07-11 14:56:57,035 
异常级别：ERROR
异常内容：给定的端口名称未以 COM/com 开头或未解析为有效的串行端口。
参数名: portName
System.ArgumentException: 给定的端口名称未以 COM/com 开头或未解析为有效的串行端口。
参数名: portName
   在 System.IO.Ports.SerialStream..ctor(String portName, Int32 baudRate, Parity parity, Int32 dataBits, StopBits stopBits, Int32 readTimeout, Int32 writeTimeout, Handshake handshake, Boolean dtrEnable, Boolean rtsEnable, Boolean discardNull, Byte parityReplace)
   在 System.IO.Ports.SerialPort.Open()
   在 Utils.AutoSerialPort.OpenPort() 位置 E:\创维MES项目\程序\数据采集\生产数据采集程序\MDC\Utils\Common\AutoSerialPort.cs:行号 395
-------------------------------------------------------------------------------------------------------------

异常时间：2021-07-11 14:56:58,392 
异常级别：ERROR
异常内容：打开扫描设备失败!
System.Exception: 串口打开失败
   在 Utils.AutoSerialPort.OpenPort() 位置 E:\创维MES项目\程序\数据采集\生产数据采集程序\MDC\Utils\Common\AutoSerialPort.cs:行号 408
   在 MDC.Program.OpenDeviceCom() 位置 E:\创维MES项目\程序\数据采集\生产数据采集程序\MDC\MDC\Program.cs:行号 274
-------------------------------------------------------------------------------------------------------------

异常时间：2021-07-11 15:02:49,987 
异常级别：ERROR
异常内容：单一RowKey删除条码绑定信息Internal error processing deleteAll
Thrift.TApplicationException: Internal error processing deleteAll
   在 Hbase.Client.recv_deleteAll() 位置 E:\创维MES项目\程序\数据采集\生产数据采集程序\MDC\Utils\HBaseClass\Hbase.cs:行号 3065
   在 Hbase.Client.deleteAll(Byte[] tableName, Byte[] row, Byte[] column, Dictionary`2 attributes) 位置 E:\创维MES项目\程序\数据采集\生产数据采集程序\MDC\Utils\HBaseClass\Hbase.cs:行号 3030
   在 Utils.HBaseClass.GetDataFromHBase.DeleteRowHBase(String tablename, String rowkey, String column) 位置 E:\创维MES项目\程序\数据采集\生产数据采集程序\MDC\Utils\HBaseClass\GetDataFromHBase.cs:行号 300
-------------------------------------------------------------------------------------------------------------

异常时间：2021-07-11 15:02:50,074 
异常级别：ERROR
异常内容：单一RowKey删除条码绑定信息Internal error processing deleteAll
Thrift.TApplicationException: Internal error processing deleteAll
   在 Hbase.Client.recv_deleteAll() 位置 E:\创维MES项目\程序\数据采集\生产数据采集程序\MDC\Utils\HBaseClass\Hbase.cs:行号 3065
   在 Hbase.Client.deleteAll(Byte[] tableName, Byte[] row, Byte[] column, Dictionary`2 attributes) 位置 E:\创维MES项目\程序\数据采集\生产数据采集程序\MDC\Utils\HBaseClass\Hbase.cs:行号 3030
   在 Utils.HBaseClass.GetDataFromHBase.DeleteRowHBase(String tablename, String rowkey, String column) 位置 E:\创维MES项目\程序\数据采集\生产数据采集程序\MDC\Utils\HBaseClass\GetDataFromHBase.cs:行号 300
-------------------------------------------------------------------------------------------------------------

异常时间：2021-07-11 15:02:50,157 
异常级别：ERROR
异常内容：单一RowKey删除条码绑定信息Internal error processing deleteAll
Thrift.TApplicationException: Internal error processing deleteAll
   在 Hbase.Client.recv_deleteAll() 位置 E:\创维MES项目\程序\数据采集\生产数据采集程序\MDC\Utils\HBaseClass\Hbase.cs:行号 3065
   在 Hbase.Client.deleteAll(Byte[] tableName, Byte[] row, Byte[] column, Dictionary`2 attributes) 位置 E:\创维MES项目\程序\数据采集\生产数据采集程序\MDC\Utils\HBaseClass\Hbase.cs:行号 3030
   在 Utils.HBaseClass.GetDataFromHBase.DeleteRowHBase(String tablename, String rowkey, String column) 位置 E:\创维MES项目\程序\数据采集\生产数据采集程序\MDC\Utils\HBaseClass\GetDataFromHBase.cs:行号 300
-------------------------------------------------------------------------------------------------------------

异常时间：2021-07-11 15:10:12,246 
异常级别：ERROR
异常内容：关闭扫描设备失败!串口关闭时发生错误
System.Exception: 串口关闭时发生错误
   在 Utils.AutoSerialPort.ClosePort() 位置 E:\创维MES项目\程序\数据采集\生产数据采集程序\MDC\Utils\Common\AutoSerialPort.cs:行号 437
   在 MDC.Program.CloseDeviceCom() 位置 E:\创维MES项目\程序\数据采集\生产数据采集程序\MDC\MDC\Program.cs:行号 291
