-------------------------------------------------------------------------------------------------------------

异常时间：2021-07-23 09:29:53,452 
异常级别：ERROR
异常内容：给定的端口名称未以 COM/com 开头或未解析为有效的串行端口。
参数名: portName
System.ArgumentException: 给定的端口名称未以 COM/com 开头或未解析为有效的串行端口。
参数名: portName
   在 System.IO.Ports.SerialStream..ctor(String portName, Int32 baudRate, Parity parity, Int32 dataBits, StopBits stopBits, Int32 readTimeout, Int32 writeTimeout, Handshake handshake, Boolean dtrEnable, Boolean rtsEnable, Boolean discardNull, Byte parityReplace)
   在 System.IO.Ports.SerialPort.Open()
   在 Utils.AutoSerialPort.OpenPort() 位置 E:\创维MES项目\程序\数据采集\生产数据采集程序\MDC\Utils\Common\AutoSerialPort.cs:行号 395
-------------------------------------------------------------------------------------------------------------

异常时间：2021-07-23 09:30:27,092 
异常级别：ERROR
异常内容：给定的端口名称未以 COM/com 开头或未解析为有效的串行端口。
参数名: portName
System.ArgumentException: 给定的端口名称未以 COM/com 开头或未解析为有效的串行端口。
参数名: portName
   在 System.IO.Ports.SerialStream..ctor(String portName, Int32 baudRate, Parity parity, Int32 dataBits, StopBits stopBits, Int32 readTimeout, Int32 writeTimeout, Handshake handshake, Boolean dtrEnable, Boolean rtsEnable, Boolean discardNull, Byte parityReplace)
   在 System.IO.Ports.SerialPort.Open()
   在 Utils.AutoSerialPort.OpenPort() 位置 E:\创维MES项目\程序\数据采集\生产数据采集程序\MDC\Utils\Common\AutoSerialPort.cs:行号 395
-------------------------------------------------------------------------------------------------------------

异常时间：2021-07-23 09:30:29,148 
异常级别：ERROR
异常内容：打开扫描设备失败!
System.Exception: 串口打开失败
   在 Utils.AutoSerialPort.OpenPort() 位置 E:\创维MES项目\程序\数据采集\生产数据采集程序\MDC\Utils\Common\AutoSerialPort.cs:行号 408
   在 MDC.Program.OpenDeviceCom() 位置 E:\创维MES项目\程序\数据采集\生产数据采集程序\MDC\MDC\Program.cs:行号 274
-------------------------------------------------------------------------------------------------------------

异常时间：2021-07-23 09:30:34,505 
异常级别：ERROR
异常内容：关闭扫描设备失败!串口关闭时发生错误
System.Exception: 串口关闭时发生错误
   在 Utils.AutoSerialPort.ClosePort() 位置 E:\创维MES项目\程序\数据采集\生产数据采集程序\MDC\Utils\Common\AutoSerialPort.cs:行号 437
   在 MDC.Program.CloseDeviceCom() 位置 E:\创维MES项目\程序\数据采集\生产数据采集程序\MDC\MDC\Program.cs:行号 291
-------------------------------------------------------------------------------------------------------------

异常时间：2021-07-23 10:32:31,118 
异常级别：ERROR
异常内容：打开扫描设备失败!
System.Exception: 串口打开失败
   在 Utils.AutoSerialPort.OpenPort() 位置 E:\创维MES项目\程序\数据采集\生产数据采集程序\MDC\Utils\Common\AutoSerialPort.cs:行号 408
   在 MDC.Program.OpenDeviceCom() 位置 E:\创维MES项目\程序\数据采集\生产数据采集程序\MDC\MDC\Program.cs:行号 274
-------------------------------------------------------------------------------------------------------------

异常时间：2021-07-23 10:51:51,375 
异常级别：ERROR
异常内容：关闭扫描设备失败!串口关闭时发生错误
System.Exception: 串口关闭时发生错误
   在 Utils.AutoSerialPort.ClosePort() 位置 E:\创维MES项目\程序\数据采集\生产数据采集程序\MDC\Utils\Common\AutoSerialPort.cs:行号 437
   在 MDC.Program.CloseDeviceCom() 位置 E:\创维MES项目\程序\数据采集\生产数据采集程序\MDC\MDC\Program.cs:行号 291
-------------------------------------------------------------------------------------------------------------

异常时间：2021-07-23 11:32:02,410 
异常级别：ERROR
异常内容：给定的端口名称未以 COM/com 开头或未解析为有效的串行端口。
参数名: portName
System.ArgumentException: 给定的端口名称未以 COM/com 开头或未解析为有效的串行端口。
参数名: portName
   在 System.IO.Ports.SerialStream..ctor(String portName, Int32 baudRate, Parity parity, Int32 dataBits, StopBits stopBits, Int32 readTimeout, Int32 writeTimeout, Handshake handshake, Boolean dtrEnable, Boolean rtsEnable, Boolean discardNull, Byte parityReplace)
   在 System.IO.Ports.SerialPort.Open()
   在 Utils.AutoSerialPort.OpenPort() 位置 E:\创维MES项目\程序\数据采集\生产数据采集程序\MDC\Utils\Common\AutoSerialPort.cs:行号 395
-------------------------------------------------------------------------------------------------------------

异常时间：2021-07-23 11:32:04,374 
异常级别：ERROR
异常内容：打开扫描设备失败!
System.Exception: 串口打开失败
   在 Utils.AutoSerialPort.OpenPort() 位置 E:\创维MES项目\程序\数据采集\生产数据采集程序\MDC\Utils\Common\AutoSerialPort.cs:行号 408
   在 MDC.Program.OpenDeviceCom() 位置 E:\创维MES项目\程序\数据采集\生产数据采集程序\MDC\MDC\Program.cs:行号 274
-------------------------------------------------------------------------------------------------------------

异常时间：2021-07-23 11:32:56,002 
异常级别：ERROR
异常内容：关闭扫描设备失败!串口关闭时发生错误
System.Exception: 串口关闭时发生错误
   在 Utils.AutoSerialPort.ClosePort() 位置 E:\创维MES项目\程序\数据采集\生产数据采集程序\MDC\Utils\Common\AutoSerialPort.cs:行号 437
   在 MDC.Program.CloseDeviceCom() 位置 E:\创维MES项目\程序\数据采集\生产数据采集程序\MDC\MDC\Program.cs:行号 291
-------------------------------------------------------------------------------------------------------------

异常时间：2021-07-23 14:30:31,447 
异常级别：ERROR
异常内容：打开扫描设备失败!
System.Exception: 串口打开失败
   在 Utils.AutoSerialPort.OpenPort() 位置 E:\创维MES项目\程序\数据采集\生产数据采集程序\MDC\Utils\Common\AutoSerialPort.cs:行号 408
   在 MDC.Program.OpenDeviceCom() 位置 E:\创维MES项目\程序\数据采集\生产数据采集程序\MDC\MDC\Program.cs:行号 274
-------------------------------------------------------------------------------------------------------------

异常时间：2021-07-23 14:31:01,489 
异常级别：ERROR
异常内容：单一RowKey查询失败(1)：无法将数据写入传输连接: 远程主机强迫关闭了一个现有的连接。。
System.IO.IOException: 无法将数据写入传输连接: 远程主机强迫关闭了一个现有的连接。。 ---> System.Net.Sockets.SocketException: 远程主机强迫关闭了一个现有的连接。
   在 System.Net.Sockets.Socket.Send(Byte[] buffer, Int32 offset, Int32 size, SocketFlags socketFlags)
   在 System.Net.Sockets.NetworkStream.Write(Byte[] buffer, Int32 offset, Int32 size)
   --- 内部异常堆栈跟踪的结尾 ---
   在 System.Net.Sockets.NetworkStream.Write(Byte[] buffer, Int32 offset, Int32 size)
   在 Thrift.Transport.TStreamTransport.Write(Byte[] buf, Int32 off, Int32 len)
   在 Thrift.Protocol.TBinaryProtocol.WriteI32(Int32 i32)
   在 Thrift.Protocol.TBinaryProtocol.WriteMessageBegin(TMessage message)
   在 Hbase.Client.send_getRow(Byte[] tableName, Byte[] row, Dictionary`2 attributes) 位置 E:\创维MES项目\程序\数据采集\生产数据采集程序\MDC\Utils\HBaseClass\Hbase.cs:行号 2032
   在 Hbase.Client.getRow(Byte[] tableName, Byte[] row, Dictionary`2 attributes) 位置 E:\创维MES项目\程序\数据采集\生产数据采集程序\MDC\Utils\HBaseClass\Hbase.cs:行号 2017
   在 Utils.HBaseClass.GetDataFromHBase.GetRowsWithSingleRowKey(String _rowKey, String table) 位置 E:\创维MES项目\程序\数据采集\生产数据采集程序\MDC\Utils\HBaseClass\GetDataFromHBase.cs:行号 181
-------------------------------------------------------------------------------------------------------------

异常时间：2021-07-23 16:14:16,365 
异常级别：ERROR
异常内容：关闭扫描设备失败!串口关闭时发生错误
System.Exception: 串口关闭时发生错误
   在 Utils.AutoSerialPort.ClosePort() 位置 E:\创维MES项目\程序\数据采集\生产数据采集程序\MDC\Utils\Common\AutoSerialPort.cs:行号 437
   在 MDC.Program.CloseDeviceCom() 位置 E:\创维MES项目\程序\数据采集\生产数据采集程序\MDC\MDC\Program.cs:行号 291
-------------------------------------------------------------------------------------------------------------

异常时间：2021-07-23 16:14:24,835 
异常级别：ERROR
异常内容：打开扫描设备失败!
System.Exception: 串口打开失败
   在 Utils.AutoSerialPort.OpenPort() 位置 E:\创维MES项目\程序\数据采集\生产数据采集程序\MDC\Utils\Common\AutoSerialPort.cs:行号 408
   在 MDC.Program.OpenDeviceCom() 位置 E:\创维MES项目\程序\数据采集\生产数据采集程序\MDC\MDC\Program.cs:行号 274
-------------------------------------------------------------------------------------------------------------

异常时间：2021-07-23 16:14:29,917 
异常级别：ERROR
异常内容：关闭扫描设备失败!串口关闭时发生错误
System.Exception: 串口关闭时发生错误
   在 Utils.AutoSerialPort.ClosePort() 位置 E:\创维MES项目\程序\数据采集\生产数据采集程序\MDC\Utils\Common\AutoSerialPort.cs:行号 437
   在 MDC.Program.CloseDeviceCom() 位置 E:\创维MES项目\程序\数据采集\生产数据采集程序\MDC\MDC\Program.cs:行号 291
-------------------------------------------------------------------------------------------------------------

异常时间：2021-07-23 16:19:55,031 
异常级别：ERROR
异常内容：给定的端口名称未以 COM/com 开头或未解析为有效的串行端口。
参数名: portName
System.ArgumentException: 给定的端口名称未以 COM/com 开头或未解析为有效的串行端口。
参数名: portName
   在 System.IO.Ports.SerialStream..ctor(String portName, Int32 baudRate, Parity parity, Int32 dataBits, StopBits stopBits, Int32 readTimeout, Int32 writeTimeout, Handshake handshake, Boolean dtrEnable, Boolean rtsEnable, Boolean discardNull, Byte parityReplace)
   在 System.IO.Ports.SerialPort.Open()
   在 Utils.AutoSerialPort.OpenPort() 位置 E:\创维MES项目\程序\数据采集\生产数据采集程序\MDC\Utils\Common\AutoSerialPort.cs:行号 395
-------------------------------------------------------------------------------------------------------------

异常时间：2021-07-23 16:19:56,833 
异常级别：ERROR
异常内容：打开扫描设备失败!
System.Exception: 串口打开失败
   在 Utils.AutoSerialPort.OpenPort() 位置 E:\创维MES项目\程序\数据采集\生产数据采集程序\MDC\Utils\Common\AutoSerialPort.cs:行号 408
   在 MDC.Program.OpenDeviceCom() 位置 E:\创维MES项目\程序\数据采集\生产数据采集程序\MDC\MDC\Program.cs:行号 274
-------------------------------------------------------------------------------------------------------------

异常时间：2021-07-23 16:22:52,265 
异常级别：ERROR
异常内容：关闭扫描设备失败!串口关闭时发生错误
System.Exception: 串口关闭时发生错误
   在 Utils.AutoSerialPort.ClosePort() 位置 E:\创维MES项目\程序\数据采集\生产数据采集程序\MDC\Utils\Common\AutoSerialPort.cs:行号 437
   在 MDC.Program.CloseDeviceCom() 位置 E:\创维MES项目\程序\数据采集\生产数据采集程序\MDC\MDC\Program.cs:行号 291
