-------------------------------------------------------------------------------------------------------------

异常时间：2022-10-17 08:49:45,636 
异常级别：ERROR
异常内容：端口“COM5”不存在。
System.IO.IOException: 端口“COM5”不存在。
   在 System.IO.Ports.InternalResources.WinIOError(Int32 errorCode, String str)
   在 System.IO.Ports.SerialStream..ctor(String portName, Int32 baudRate, Parity parity, Int32 dataBits, StopBits stopBits, Int32 readTimeout, Int32 writeTimeout, Handshake handshake, Boolean dtrEnable, Boolean rtsEnable, Boolean discardNull, Byte parityReplace)
   在 System.IO.Ports.SerialPort.Open()
   在 Utils.SerialPortUtil.OpenPort() 位置 F:\WorkSpace\显示MES\生产数据采集程序\MDC\Utils\Common\SerialPortUtil.cs:行号 312
-------------------------------------------------------------------------------------------------------------

异常时间：2022-10-17 08:49:45,670 
异常级别：ERROR
异常内容：端口“COM5”不存在。
System.IO.IOException: 端口“COM5”不存在。
   在 Utils.SerialPortUtil.OpenPort() 位置 F:\WorkSpace\显示MES\生产数据采集程序\MDC\Utils\Common\SerialPortUtil.cs:行号 317
   在 MDC.frmLCDPrinter.ClientStart() 位置 F:\WorkSpace\显示MES\生产数据采集程序\MDC\MDC\frmLCDPrinter.cs:行号 556
-------------------------------------------------------------------------------------------------------------

异常时间：2022-10-17 08:53:22,249 
异常级别：ERROR
异常内容：端口“COM5”不存在。
System.IO.IOException: 端口“COM5”不存在。
   在 System.IO.Ports.InternalResources.WinIOError(Int32 errorCode, String str)
   在 System.IO.Ports.SerialStream..ctor(String portName, Int32 baudRate, Parity parity, Int32 dataBits, StopBits stopBits, Int32 readTimeout, Int32 writeTimeout, Handshake handshake, Boolean dtrEnable, Boolean rtsEnable, Boolean discardNull, Byte parityReplace)
   在 System.IO.Ports.SerialPort.Open()
   在 Utils.SerialPortUtil.OpenPort() 位置 F:\WorkSpace\显示MES\生产数据采集程序\MDC\Utils\Common\SerialPortUtil.cs:行号 312
-------------------------------------------------------------------------------------------------------------

异常时间：2022-10-17 08:53:22,268 
异常级别：ERROR
异常内容：端口“COM5”不存在。
System.IO.IOException: 端口“COM5”不存在。
   在 Utils.SerialPortUtil.OpenPort() 位置 F:\WorkSpace\显示MES\生产数据采集程序\MDC\Utils\Common\SerialPortUtil.cs:行号 317
   在 MDC.frmLCDPrinter.ClientStart() 位置 F:\WorkSpace\显示MES\生产数据采集程序\MDC\MDC\frmLCDPrinter.cs:行号 556
-------------------------------------------------------------------------------------------------------------

异常时间：2022-10-17 08:54:37,740 
异常级别：ERROR
异常内容：端口“COM5”不存在。
System.IO.IOException: 端口“COM5”不存在。
   在 System.IO.Ports.InternalResources.WinIOError(Int32 errorCode, String str)
   在 System.IO.Ports.SerialStream..ctor(String portName, Int32 baudRate, Parity parity, Int32 dataBits, StopBits stopBits, Int32 readTimeout, Int32 writeTimeout, Handshake handshake, Boolean dtrEnable, Boolean rtsEnable, Boolean discardNull, Byte parityReplace)
   在 System.IO.Ports.SerialPort.Open()
   在 Utils.SerialPortUtil.OpenPort() 位置 F:\WorkSpace\显示MES\生产数据采集程序\MDC\Utils\Common\SerialPortUtil.cs:行号 312
-------------------------------------------------------------------------------------------------------------

异常时间：2022-10-17 08:54:37,760 
异常级别：ERROR
异常内容：端口“COM5”不存在。
System.IO.IOException: 端口“COM5”不存在。
   在 Utils.SerialPortUtil.OpenPort() 位置 F:\WorkSpace\显示MES\生产数据采集程序\MDC\Utils\Common\SerialPortUtil.cs:行号 317
   在 MDC.frmLCDPrinter.ClientStart() 位置 F:\WorkSpace\显示MES\生产数据采集程序\MDC\MDC\frmLCDPrinter.cs:行号 560
-------------------------------------------------------------------------------------------------------------

异常时间：2022-10-17 09:41:35,705 
异常级别：ERROR
异常内容：登录失败在与 SQL Server 建立连接时出现与网络相关的或特定于实例的错误。未找到或无法访问服务器。请验证实例名称是否正确并且 SQL Server 已配置为允许远程连接。 (provider: SQL Network Interfaces, error: 26 - 定位指定的服务器/实例时出错)
System.Data.SqlClient.SqlException (0x80131904): 在与 SQL Server 建立连接时出现与网络相关的或特定于实例的错误。未找到或无法访问服务器。请验证实例名称是否正确并且 SQL Server 已配置为允许远程连接。 (provider: SQL Network Interfaces, error: 26 - 定位指定的服务器/实例时出错)
   在 System.Data.SqlClient.SqlInternalConnectionTds..ctor(DbConnectionPoolIdentity identity, SqlConnectionString connectionOptions, SqlCredential credential, Object providerInfo, String newPassword, SecureString newSecurePassword, Boolean redirectedUserInstance, SqlConnectionString userConnectionOptions, SessionData reconnectSessionData, DbConnectionPool pool, String accessToken, Boolean applyTransientFaultHandling, SqlAuthenticationProviderManager sqlAuthProviderManager)
   在 System.Data.SqlClient.SqlConnectionFactory.CreateConnection(DbConnectionOptions options, DbConnectionPoolKey poolKey, Object poolGroupProviderInfo, DbConnectionPool pool, DbConnection owningConnection, DbConnectionOptions userOptions)
   在 System.Data.ProviderBase.DbConnectionFactory.CreatePooledConnection(DbConnectionPool pool, DbConnection owningObject, DbConnectionOptions options, DbConnectionPoolKey poolKey, DbConnectionOptions userOptions)
   在 System.Data.ProviderBase.DbConnectionPool.CreateObject(DbConnection owningObject, DbConnectionOptions userOptions, DbConnectionInternal oldConnection)
   在 System.Data.ProviderBase.DbConnectionPool.UserCreateRequest(DbConnection owningObject, DbConnectionOptions userOptions, DbConnectionInternal oldConnection)
   在 System.Data.ProviderBase.DbConnectionPool.TryGetConnection(DbConnection owningObject, UInt32 waitForMultipleObjectsTimeout, Boolean allowCreate, Boolean onlyOneCheckConnection, DbConnectionOptions userOptions, DbConnectionInternal& connection)
   在 System.Data.ProviderBase.DbConnectionPool.TryGetConnection(DbConnection owningObject, TaskCompletionSource`1 retry, DbConnectionOptions userOptions, DbConnectionInternal& connection)
   在 System.Data.ProviderBase.DbConnectionFactory.TryGetConnection(DbConnection owningConnection, TaskCompletionSource`1 retry, DbConnectionOptions userOptions, DbConnectionInternal oldConnection, DbConnectionInternal& connection)
   在 System.Data.ProviderBase.DbConnectionInternal.TryOpenConnectionInternal(DbConnection outerConnection, DbConnectionFactory connectionFactory, TaskCompletionSource`1 retry, DbConnectionOptions userOptions)
   在 System.Data.ProviderBase.DbConnectionClosed.TryOpenConnection(DbConnection outerConnection, DbConnectionFactory connectionFactory, TaskCompletionSource`1 retry, DbConnectionOptions userOptions)
   在 System.Data.SqlClient.SqlConnection.TryOpenInner(TaskCompletionSource`1 retry)
   在 System.Data.SqlClient.SqlConnection.TryOpen(TaskCompletionSource`1 retry)
   在 System.Data.SqlClient.SqlConnection.Open()
   在 YJ.Data.SqlServerProvider.PrepareCommand(SqlCommand cmd, SqlConnection conn, SqlTransaction trans, CommandType cmdType, String cmdText, DbParameter[] cmdParms)
   在 YJ.Data.SqlServerProvider.ExecuteDataTable(String sql, DbParameter[] par, DbTransaction trans, String DBName, Int32 time)
   在 YJ.Data.SqlServerProvider.ExecuteDataTable(String sql, String DBName)
   在 MDC.BaseUI.Login(String account, String password) 位置 F:\WorkSpace\显示MES\生产数据采集程序\MDC\MDC\BaseUI.cs:行号 291
ClientConnectionId:00000000-0000-0000-0000-000000000000
Error Number:-1,State:0,Class:20
