-------------------------------------------------------------------------------------------------------------

异常时间：2022-08-08 14:54:50,134 
异常级别：ERROR
异常内容：输入字符串的格式不正确。
System.FormatException: 输入字符串的格式不正确。
   在 System.Number.StringToNumber(String str, NumberStyles options, NumberBuffer& number, NumberFormatInfo info, Boolean parseDecimal)
   在 System.Number.ParseInt32(String s, NumberStyles style, NumberFormatInfo info)
   在 System.String.System.IConvertible.ToInt32(IFormatProvider provider)
   在 System.Data.Common.Int32Storage.ConvertValue(Object value)
   在 System.Data.Index.FindNodeByKey(Object originalKey)
   在 System.Data.DataView.System.ComponentModel.IBindingList.Find(PropertyDescriptor property, Object key)
   在 System.Windows.Forms.CurrencyManager.Find(PropertyDescriptor property, Object key, Boolean keepIndex)
   在 System.Windows.Forms.ListControl.set_SelectedValue(Object value)
   在 MDC.FixtureRepair.ScanDataHandler(String DataString) 位置 F:\SkyworthProject\XS_MES\MES\生产数据采集程序\MDC\MDC\FixtureRepair.cs:行号 426
-------------------------------------------------------------------------------------------------------------

异常时间：2022-08-08 14:54:50,271 
异常级别：ERROR
异常内容：输入字符串的格式不正确。
System.Exception: 输入字符串的格式不正确。
-------------------------------------------------------------------------------------------------------------

异常时间：2022-08-08 14:56:06,234 
异常级别：ERROR
异常内容：输入字符串的格式不正确。
System.FormatException: 输入字符串的格式不正确。
   在 System.Number.StringToNumber(String str, NumberStyles options, NumberBuffer& number, NumberFormatInfo info, Boolean parseDecimal)
   在 System.Number.ParseInt32(String s, NumberStyles style, NumberFormatInfo info)
   在 System.String.System.IConvertible.ToInt32(IFormatProvider provider)
   在 System.Data.Common.Int32Storage.ConvertValue(Object value)
   在 System.Data.Index.FindNodeByKey(Object originalKey)
   在 System.Data.DataView.System.ComponentModel.IBindingList.Find(PropertyDescriptor property, Object key)
   在 System.Windows.Forms.CurrencyManager.Find(PropertyDescriptor property, Object key, Boolean keepIndex)
   在 System.Windows.Forms.ListControl.set_SelectedValue(Object value)
   在 MDC.FixtureRepair.ScanDataHandler(String DataString) 位置 F:\SkyworthProject\XS_MES\MES\生产数据采集程序\MDC\MDC\FixtureRepair.cs:行号 426
-------------------------------------------------------------------------------------------------------------

异常时间：2022-08-08 14:56:06,243 
异常级别：ERROR
异常内容：输入字符串的格式不正确。
System.Exception: 输入字符串的格式不正确。
-------------------------------------------------------------------------------------------------------------

异常时间：2022-08-08 14:57:16,959 
异常级别：ERROR
异常内容：输入字符串的格式不正确。
System.FormatException: 输入字符串的格式不正确。
   在 System.Number.StringToNumber(String str, NumberStyles options, NumberBuffer& number, NumberFormatInfo info, Boolean parseDecimal)
   在 System.Number.ParseInt32(String s, NumberStyles style, NumberFormatInfo info)
   在 System.String.System.IConvertible.ToInt32(IFormatProvider provider)
   在 System.Data.Common.Int32Storage.ConvertValue(Object value)
   在 System.Data.Index.FindNodeByKey(Object originalKey)
   在 System.Data.DataView.System.ComponentModel.IBindingList.Find(PropertyDescriptor property, Object key)
   在 System.Windows.Forms.CurrencyManager.Find(PropertyDescriptor property, Object key, Boolean keepIndex)
   在 System.Windows.Forms.ListControl.set_SelectedValue(Object value)
   在 MDC.FixtureRepair.ScanDataHandler(String DataString) 位置 F:\SkyworthProject\XS_MES\MES\生产数据采集程序\MDC\MDC\FixtureRepair.cs:行号 426
-------------------------------------------------------------------------------------------------------------

异常时间：2022-08-08 14:57:16,972 
异常级别：ERROR
异常内容：输入字符串的格式不正确。
System.Exception: 输入字符串的格式不正确。
