-------------------------------------------------------------------------------------------------------------
日志时间：2021-06-28 10:50:39,145 
日志级别：INFO   
日志内容：串口COM3打开失败.给定的端口名称未以 COM/com 开头或未解析为有效的串行端口。
参数名: portName

-------------------------------------------------------------------------------------------------------------
日志时间：2021-06-28 10:51:41,931 
日志级别：INFO   
日志内容：串口COM3打开失败.给定的端口名称未以 COM/com 开头或未解析为有效的串行端口。
参数名: portName

-------------------------------------------------------------------------------------------------------------
日志时间：2021-06-28 10:51:52,803 
日志级别：INFO   
日志内容：用户【wangm】登录成功

-------------------------------------------------------------------------------------------------------------
日志时间：2021-06-28 10:51:59,315 
日志级别：INFO   
日志内容：Client.start().连接服务器【172.20.23.232:9024】成功

-------------------------------------------------------------------------------------------------------------
日志时间：2021-06-28 10:54:38,603 
日志级别：INFO   
日志内容：Client.stop().与服务器【172.20.23.232:9024】连接已断开.

-------------------------------------------------------------------------------------------------------------
日志时间：2021-06-28 10:56:29,638 
日志级别：INFO   
日志内容：Client.start().连接服务器【172.20.23.232:9024】成功

-------------------------------------------------------------------------------------------------------------
日志时间：2021-06-28 23:13:25,611 
日志级别：INFO   
日志内容：串口COM3打开失败.给定的端口名称未以 COM/com 开头或未解析为有效的串行端口。
参数名: portName

-------------------------------------------------------------------------------------------------------------
日志时间：2021-06-28 23:14:27,645 
日志级别：INFO   
日志内容：用户【wangm】登录成功

