-------------------------------------------------------------------------------------------------------------
日志时间：2021-07-11 14:56:57,029 
日志级别：INFO   
日志内容：串口COM3打开失败.给定的端口名称未以 COM/com 开头或未解析为有效的串行端口。
参数名: portName

-------------------------------------------------------------------------------------------------------------
日志时间：2021-07-11 14:56:59,332 
日志级别：INFO   
日志内容：用户【wangm】登录成功

-------------------------------------------------------------------------------------------------------------
日志时间：2021-07-11 14:57:02,574 
日志级别：INFO   
日志内容：Client.start().连接服务器【172.20.23.232:9024】成功

-------------------------------------------------------------------------------------------------------------
日志时间：2021-07-11 14:58:22,994 
日志级别：INFO   
日志内容：Client.start().连接服务器【172.20.23.232:9024】成功

-------------------------------------------------------------------------------------------------------------
日志时间：2021-07-11 15:03:56,713 
日志级别：INFO   
日志内容：Client.start().连接服务器【172.20.23.232:9024】成功

