-------------------------------------------------------------------------------------------------------------
日志时间：2021-07-01 03:14:17,730 
日志级别：INFO   
日志内容：串口COM3打开失败.给定的端口名称未以 COM/com 开头或未解析为有效的串行端口。
参数名: portName

-------------------------------------------------------------------------------------------------------------
日志时间：2021-07-01 03:14:21,375 
日志级别：INFO   
日志内容：用户【wangm】登录成功

-------------------------------------------------------------------------------------------------------------
日志时间：2021-07-01 11:41:46,678 
日志级别：INFO   
日志内容：串口COM3打开失败.给定的端口名称未以 COM/com 开头或未解析为有效的串行端口。
参数名: portName

-------------------------------------------------------------------------------------------------------------
日志时间：2021-07-01 11:46:57,355 
日志级别：INFO   
日志内容：串口COM3打开失败.给定的端口名称未以 COM/com 开头或未解析为有效的串行端口。
参数名: portName

-------------------------------------------------------------------------------------------------------------
日志时间：2021-07-01 11:50:10,347 
日志级别：INFO   
日志内容：串口COM3打开失败.给定的端口名称未以 COM/com 开头或未解析为有效的串行端口。
参数名: portName

-------------------------------------------------------------------------------------------------------------
日志时间：2021-07-01 11:50:22,444 
日志级别：INFO   
日志内容：用户【wangm】登录成功

-------------------------------------------------------------------------------------------------------------
日志时间：2021-07-01 11:54:24,714 
日志级别：INFO   
日志内容：串口COM3打开失败.给定的端口名称未以 COM/com 开头或未解析为有效的串行端口。
参数名: portName

-------------------------------------------------------------------------------------------------------------
日志时间：2021-07-01 11:54:27,801 
日志级别：INFO   
日志内容：用户【wangm】登录成功

-------------------------------------------------------------------------------------------------------------
日志时间：2021-07-01 11:56:06,227 
日志级别：INFO   
日志内容：Client.start().连接服务器【172.20.23.232:9024】成功

-------------------------------------------------------------------------------------------------------------
日志时间：2021-07-01 11:56:48,709 
日志级别：INFO   
日志内容：Fail         2021-07-01 11:56:48.700   172.20.21.207                                                            FPC扫码枪连接失败！

-------------------------------------------------------------------------------------------------------------
日志时间：2021-07-01 11:56:48,877 
日志级别：INFO   
日志内容：Client.start().连接服务器【172.20.23.232:9023】成功

-------------------------------------------------------------------------------------------------------------
日志时间：2021-07-01 11:56:48,881 
日志级别：INFO   
日志内容：Success      2021-07-01 11:56:48.874                                                                            连接服务器【172.20.23.232:9023】成功

-------------------------------------------------------------------------------------------------------------
日志时间：2021-07-01 11:56:48,891 
日志级别：INFO   
日志内容：Success      2021-07-01 11:56:48.882   172.20.23.232：9023                                                       客户端 172.20.6.63:63151

-------------------------------------------------------------------------------------------------------------
日志时间：2021-07-01 11:57:18,264 
日志级别：INFO   
日志内容：Success      2021-07-01 11:57:18.257   172.20.21.207                                                            FPC扫码枪已停止扫描.

-------------------------------------------------------------------------------------------------------------
日志时间：2021-07-01 11:57:18,273 
日志级别：INFO   
日志内容：Fail         2021-07-01 11:57:18.266   172.20.21.207                                                            FPC扫码枪连接断开

-------------------------------------------------------------------------------------------------------------
日志时间：2021-07-01 11:57:18,374 
日志级别：INFO   
日志内容：Client.stop().与服务器【172.20.23.232:9023】连接已断开.

-------------------------------------------------------------------------------------------------------------
日志时间：2021-07-01 11:57:18,377 
日志级别：INFO   
日志内容：Success      2021-07-01 11:57:18.371                                                                            与服务器【172.20.23.232:9023】连接已断开.

-------------------------------------------------------------------------------------------------------------
日志时间：2021-07-01 11:57:48,541 
日志级别：INFO   
日志内容：Client.start().连接服务器【172.20.23.232:9022】成功

-------------------------------------------------------------------------------------------------------------
日志时间：2021-07-01 11:59:16,523 
日志级别：INFO   
日志内容：Error        2021-07-01 11:59:16.516                                                                            系统初始化失败！端口“COM5”不存在。

-------------------------------------------------------------------------------------------------------------
日志时间：2021-07-01 12:09:57,087 
日志级别：INFO   
日志内容：串口COM3打开失败.给定的端口名称未以 COM/com 开头或未解析为有效的串行端口。
参数名: portName

-------------------------------------------------------------------------------------------------------------
日志时间：2021-07-01 12:10:00,452 
日志级别：INFO   
日志内容：用户【wangm】登录成功

-------------------------------------------------------------------------------------------------------------
日志时间：2021-07-01 12:12:59,066 
日志级别：INFO   
日志内容：串口COM3打开失败.给定的端口名称未以 COM/com 开头或未解析为有效的串行端口。
参数名: portName

-------------------------------------------------------------------------------------------------------------
日志时间：2021-07-01 12:13:03,736 
日志级别：INFO   
日志内容：用户【wangm】登录成功

