-------------------------------------------------------------------------------------------------------------
日志时间：2021-07-15 09:40:45,538 
日志级别：INFO   
日志内容：串口COM3打开失败.给定的端口名称未以 COM/com 开头或未解析为有效的串行端口。
参数名: portName

-------------------------------------------------------------------------------------------------------------
日志时间：2021-07-15 09:40:48,839 
日志级别：INFO   
日志内容：用户【wangm】登录成功

-------------------------------------------------------------------------------------------------------------
日志时间：2021-07-15 09:40:55,281 
日志级别：INFO   
日志内容：Client.start().连接服务器【172.20.23.232:9024】成功

-------------------------------------------------------------------------------------------------------------
日志时间：2021-07-15 09:48:29,304 
日志级别：INFO   
日志内容：Client.start().连接服务器【172.20.23.232:9024】成功

-------------------------------------------------------------------------------------------------------------
日志时间：2021-07-15 09:49:07,157 
日志级别：INFO   
日志内容：Fail         2021-07-15 09:49:07.146   172.20.21.207                                                            FPC扫码枪连接失败！

-------------------------------------------------------------------------------------------------------------
日志时间：2021-07-15 09:49:07,317 
日志级别：INFO   
日志内容：Client.start().连接服务器【172.20.23.232:9023】成功

-------------------------------------------------------------------------------------------------------------
日志时间：2021-07-15 09:49:07,321 
日志级别：INFO   
日志内容：Success      2021-07-15 09:49:07.312                                                                            连接服务器【172.20.23.232:9023】成功

-------------------------------------------------------------------------------------------------------------
日志时间：2021-07-15 09:49:07,333 
日志级别：INFO   
日志内容：Success      2021-07-15 09:49:07.323   172.20.23.232：9023                                                       客户端 192.168.124.131:56890

-------------------------------------------------------------------------------------------------------------
日志时间：2021-07-15 09:59:07,974 
日志级别：INFO   
日志内容：Success      2021-07-15 09:59:07.967   172.20.23.232：9023                                                       长时间无操作，与服务器连接将自动断开

-------------------------------------------------------------------------------------------------------------
日志时间：2021-07-15 10:02:47,101 
日志级别：INFO   
日志内容：Success      2021-07-15 10:02:47.090   172.20.21.207                                                            FPC扫码枪已停止扫描.

-------------------------------------------------------------------------------------------------------------
日志时间：2021-07-15 10:02:47,111 
日志级别：INFO   
日志内容：Fail         2021-07-15 10:02:47.101   172.20.21.207                                                            FPC扫码枪连接断开

-------------------------------------------------------------------------------------------------------------
日志时间：2021-07-15 10:02:47,228 
日志级别：INFO   
日志内容：Client.stop().与服务器【172.20.23.232:9023】连接已断开.

-------------------------------------------------------------------------------------------------------------
日志时间：2021-07-15 10:02:47,232 
日志级别：INFO   
日志内容：Success      2021-07-15 10:02:47.222                                                                            与服务器【172.20.23.232:9023】连接已断开.

-------------------------------------------------------------------------------------------------------------
日志时间：2021-07-15 17:24:36,109 
日志级别：INFO   
日志内容：串口COM3打开失败.给定的端口名称未以 COM/com 开头或未解析为有效的串行端口。
参数名: portName

-------------------------------------------------------------------------------------------------------------
日志时间：2021-07-15 17:27:10,427 
日志级别：INFO   
日志内容：用户【wangm】登录成功

-------------------------------------------------------------------------------------------------------------
日志时间：2021-07-15 17:27:14,265 
日志级别：INFO   
日志内容：Client.start().连接服务器【172.20.23.232:9024】成功

