-------------------------------------------------------------------------------------------------------------
日志时间：2021-07-08 09:53:55,063 
日志级别：INFO   
日志内容：串口COM3打开失败.给定的端口名称未以 COM/com 开头或未解析为有效的串行端口。
参数名: portName

-------------------------------------------------------------------------------------------------------------
日志时间：2021-07-08 09:53:59,542 
日志级别：INFO   
日志内容：用户【wangm】登录成功

-------------------------------------------------------------------------------------------------------------
日志时间：2021-07-08 09:54:03,394 
日志级别：INFO   
日志内容：Client.start().连接服务器【172.20.23.232:9024】成功

-------------------------------------------------------------------------------------------------------------
日志时间：2021-07-08 10:03:38,151 
日志级别：INFO   
日志内容：Fail         2021-07-08 10:03:38.142   172.20.21.207                                                            FPC扫码枪连接失败！

-------------------------------------------------------------------------------------------------------------
日志时间：2021-07-08 10:03:38,341 
日志级别：INFO   
日志内容：Client.start().连接服务器【172.20.23.232:9023】成功

-------------------------------------------------------------------------------------------------------------
日志时间：2021-07-08 10:03:38,344 
日志级别：INFO   
日志内容：Success      2021-07-08 10:03:38.337                                                                            连接服务器【172.20.23.232:9023】成功

-------------------------------------------------------------------------------------------------------------
日志时间：2021-07-08 10:03:38,357 
日志级别：INFO   
日志内容：Success      2021-07-08 10:03:38.346   172.20.23.232：9023                                                       客户端 172.20.6.59:57836

-------------------------------------------------------------------------------------------------------------
日志时间：2021-07-08 10:04:10,466 
日志级别：INFO   
日志内容：Success      2021-07-08 10:04:10.457   172.20.21.207                                                            FPC扫码枪已停止扫描.

-------------------------------------------------------------------------------------------------------------
日志时间：2021-07-08 10:04:10,474 
日志级别：INFO   
日志内容：Fail         2021-07-08 10:04:10.468   172.20.21.207                                                            FPC扫码枪连接断开

-------------------------------------------------------------------------------------------------------------
日志时间：2021-07-08 10:04:10,589 
日志级别：INFO   
日志内容：Client.stop().与服务器【172.20.23.232:9023】连接已断开.

-------------------------------------------------------------------------------------------------------------
日志时间：2021-07-08 10:04:10,592 
日志级别：INFO   
日志内容：Success      2021-07-08 10:04:10.585                                                                            与服务器【172.20.23.232:9023】连接已断开.

-------------------------------------------------------------------------------------------------------------
日志时间：2021-07-08 10:15:57,004 
日志级别：INFO   
日志内容：Client.start().连接服务器【172.20.23.232:9024】成功

