-------------------------------------------------------------------------------------------------------------
日志时间：2022-11-17 08:37:28,247 
日志级别：INFO   
日志内容：串口COM1已打开.

-------------------------------------------------------------------------------------------------------------
日志时间：2022-11-17 08:37:28,257 
日志级别：INFO   
日志内容：串口COM2已打开.

-------------------------------------------------------------------------------------------------------------
日志时间：2022-11-17 08:37:34,965 
日志级别：INFO   
日志内容：用户【SLC26259】登录成功

-------------------------------------------------------------------------------------------------------------
日志时间：2022-11-17 08:37:51,069 
日志级别：INFO   
日志内容：Client.start().连接服务器【172.20.23.232:9022】成功

-------------------------------------------------------------------------------------------------------------
日志时间：2022-11-17 08:37:57,116 
日志级别：INFO   
日志内容：串口COM1已关闭.

-------------------------------------------------------------------------------------------------------------
日志时间：2022-11-17 08:37:57,128 
日志级别：INFO   
日志内容：串口COM2已关闭.

-------------------------------------------------------------------------------------------------------------
日志时间：2022-11-17 08:38:56,851 
日志级别：INFO   
日志内容：串口COM1已打开.

-------------------------------------------------------------------------------------------------------------
日志时间：2022-11-17 08:38:56,856 
日志级别：INFO   
日志内容：串口COM2已打开.

-------------------------------------------------------------------------------------------------------------
日志时间：2022-11-17 08:39:02,089 
日志级别：INFO   
日志内容：用户【SLC26259】登录成功

-------------------------------------------------------------------------------------------------------------
日志时间：2022-11-17 08:39:06,296 
日志级别：INFO   
日志内容：Client.start().连接服务器【172.20.23.232:9027】成功

-------------------------------------------------------------------------------------------------------------
日志时间：2022-11-17 08:39:09,568 
日志级别：INFO   
日志内容：串口COM1已关闭.

-------------------------------------------------------------------------------------------------------------
日志时间：2022-11-17 08:39:09,583 
日志级别：INFO   
日志内容：串口COM2已关闭.

