-------------------------------------------------------------------------------------------------------------
日志时间：2022-07-14 01:16:06,173 
日志级别：INFO   
日志内容：串口COM3打开失败.给定的端口名称未以 COM/com 开头或未解析为有效的串行端口。
参数名: portName

-------------------------------------------------------------------------------------------------------------
日志时间：2022-07-14 01:16:06,187 
日志级别：INFO   
日志内容：串口COM1已打开.

-------------------------------------------------------------------------------------------------------------
日志时间：2022-07-14 01:16:06,188 
日志级别：INFO   
日志内容：串口COM2已打开.

-------------------------------------------------------------------------------------------------------------
日志时间：2022-07-14 01:16:06,189 
日志级别：INFO   
日志内容：串口COM5已打开.

-------------------------------------------------------------------------------------------------------------
日志时间：2022-07-14 01:16:06,190 
日志级别：INFO   
日志内容：串口COM6已打开.

-------------------------------------------------------------------------------------------------------------
日志时间：2022-07-14 01:16:06,190 
日志级别：INFO   
日志内容：串口COM7已打开.

-------------------------------------------------------------------------------------------------------------
日志时间：2022-07-14 01:16:06,191 
日志级别：INFO   
日志内容：串口COM8已打开.

-------------------------------------------------------------------------------------------------------------
日志时间：2022-07-14 01:16:06,191 
日志级别：INFO   
日志内容：串口COM9已打开.

-------------------------------------------------------------------------------------------------------------
日志时间：2022-07-14 01:16:06,192 
日志级别：INFO   
日志内容：串口COM10已打开.

-------------------------------------------------------------------------------------------------------------
日志时间：2022-07-14 01:16:07,573 
日志级别：INFO   
日志内容：用户【wangm】登录成功

-------------------------------------------------------------------------------------------------------------
日志时间：2022-07-14 09:00:55,857 
日志级别：INFO   
日志内容：串口COM1已关闭.

-------------------------------------------------------------------------------------------------------------
日志时间：2022-07-14 09:00:55,868 
日志级别：INFO   
日志内容：串口COM2已关闭.

-------------------------------------------------------------------------------------------------------------
日志时间：2022-07-14 09:00:55,880 
日志级别：INFO   
日志内容：串口COM5已关闭.

-------------------------------------------------------------------------------------------------------------
日志时间：2022-07-14 09:00:55,891 
日志级别：INFO   
日志内容：串口COM6已关闭.

-------------------------------------------------------------------------------------------------------------
日志时间：2022-07-14 09:00:55,901 
日志级别：INFO   
日志内容：串口COM7已关闭.

-------------------------------------------------------------------------------------------------------------
日志时间：2022-07-14 09:00:55,912 
日志级别：INFO   
日志内容：串口COM8已关闭.

-------------------------------------------------------------------------------------------------------------
日志时间：2022-07-14 09:00:55,923 
日志级别：INFO   
日志内容：串口COM9已关闭.

-------------------------------------------------------------------------------------------------------------
日志时间：2022-07-14 09:00:55,934 
日志级别：INFO   
日志内容：串口COM10已关闭.

