-------------------------------------------------------------------------------------------------------------
日志时间：2022-11-11 10:23:49,431 
日志级别：INFO   
日志内容：串口COM1已打开.

-------------------------------------------------------------------------------------------------------------
日志时间：2022-11-11 10:23:49,435 
日志级别：INFO   
日志内容：串口COM2已打开.

-------------------------------------------------------------------------------------------------------------
日志时间：2022-11-11 10:23:59,019 
日志级别：INFO   
日志内容：用户【SLC26259】登录成功

-------------------------------------------------------------------------------------------------------------
日志时间：2022-11-11 10:26:42,353 
日志级别：INFO   
日志内容：串口COM1已关闭.

-------------------------------------------------------------------------------------------------------------
日志时间：2022-11-11 10:26:42,367 
日志级别：INFO   
日志内容：串口COM2已关闭.

-------------------------------------------------------------------------------------------------------------
日志时间：2022-11-11 10:33:32,189 
日志级别：INFO   
日志内容：串口COM1已打开.

-------------------------------------------------------------------------------------------------------------
日志时间：2022-11-11 10:33:32,194 
日志级别：INFO   
日志内容：串口COM2已打开.

-------------------------------------------------------------------------------------------------------------
日志时间：2022-11-11 10:33:38,710 
日志级别：INFO   
日志内容：用户【SLC26259】登录成功

-------------------------------------------------------------------------------------------------------------
日志时间：2022-11-11 10:33:46,339 
日志级别：INFO   
日志内容：串口COM1已关闭.

-------------------------------------------------------------------------------------------------------------
日志时间：2022-11-11 10:33:46,350 
日志级别：INFO   
日志内容：串口COM2已关闭.

-------------------------------------------------------------------------------------------------------------
日志时间：2022-11-11 10:45:23,020 
日志级别：INFO   
日志内容：串口COM1已打开.

-------------------------------------------------------------------------------------------------------------
日志时间：2022-11-11 10:45:23,025 
日志级别：INFO   
日志内容：串口COM2已打开.

-------------------------------------------------------------------------------------------------------------
日志时间：2022-11-11 10:45:28,620 
日志级别：INFO   
日志内容：用户【SLC26259】登录成功

-------------------------------------------------------------------------------------------------------------
日志时间：2022-11-11 10:45:30,030 
日志级别：INFO   
日志内容：Client.start().连接服务器【172.20.23.232:9027】成功

-------------------------------------------------------------------------------------------------------------
日志时间：2022-11-11 10:45:54,837 
日志级别：INFO   
日志内容：串口COM1已关闭.

-------------------------------------------------------------------------------------------------------------
日志时间：2022-11-11 10:45:54,851 
日志级别：INFO   
日志内容：串口COM2已关闭.

-------------------------------------------------------------------------------------------------------------
日志时间：2022-11-11 10:45:54,986 
日志级别：INFO   
日志内容：Error        2022-11-11 10:45:54.979                                                                            初始化数据失败.本机IP【192.168.1.221】未在MES系统中配置

-------------------------------------------------------------------------------------------------------------
日志时间：2022-11-11 10:45:56,238 
日志级别：INFO   
日志内容：Error        2022-11-11 10:45:56.225                                                                            扫码枪IP地址不能为空！

