-------------------------------------------------------------------------------------------------------------
日志时间：2022-11-08 14:25:14,484 
日志级别：INFO   
日志内容：串口COM1已打开.

-------------------------------------------------------------------------------------------------------------
日志时间：2022-11-08 14:25:14,492 
日志级别：INFO   
日志内容：串口COM2已打开.

-------------------------------------------------------------------------------------------------------------
日志时间：2022-11-08 14:25:14,504 
日志级别：INFO   
日志内容：串口COM4已打开.

-------------------------------------------------------------------------------------------------------------
日志时间：2022-11-08 14:25:48,853 
日志级别：INFO   
日志内容：用户【SLC26259】登录成功

-------------------------------------------------------------------------------------------------------------
日志时间：2022-11-08 14:25:53,847 
日志级别：INFO   
日志内容：串口COM1已关闭.

-------------------------------------------------------------------------------------------------------------
日志时间：2022-11-08 14:25:53,860 
日志级别：INFO   
日志内容：串口COM2已关闭.

-------------------------------------------------------------------------------------------------------------
日志时间：2022-11-08 14:25:53,861 
日志级别：INFO   
日志内容：串口COM4已关闭.

