-------------------------------------------------------------------------------------------------------------
日志时间：2022-11-10 11:30:06,207 
日志级别：INFO   
日志内容：串口COM1已打开.

-------------------------------------------------------------------------------------------------------------
日志时间：2022-11-10 11:30:06,211 
日志级别：INFO   
日志内容：串口COM2已打开.

-------------------------------------------------------------------------------------------------------------
日志时间：2022-11-10 11:30:18,677 
日志级别：INFO   
日志内容：用户【SLC26259】登录成功

-------------------------------------------------------------------------------------------------------------
日志时间：2022-11-10 11:30:22,743 
日志级别：INFO   
日志内容：串口COM1已关闭.

-------------------------------------------------------------------------------------------------------------
日志时间：2022-11-10 11:30:22,757 
日志级别：INFO   
日志内容：串口COM2已关闭.

-------------------------------------------------------------------------------------------------------------
日志时间：2022-11-10 11:30:22,843 
日志级别：INFO   
日志内容：Error        2022-11-10 11:30:22.834                                                                            系统初始化失败！端口“COM5”不存在。

-------------------------------------------------------------------------------------------------------------
日志时间：2022-11-10 11:31:36,401 
日志级别：INFO   
日志内容：串口COM1已打开.

-------------------------------------------------------------------------------------------------------------
日志时间：2022-11-10 11:31:36,405 
日志级别：INFO   
日志内容：串口COM2已打开.

-------------------------------------------------------------------------------------------------------------
日志时间：2022-11-10 11:31:46,591 
日志级别：INFO   
日志内容：用户【SLC26259】登录成功

-------------------------------------------------------------------------------------------------------------
日志时间：2022-11-10 11:31:53,082 
日志级别：INFO   
日志内容：串口COM1已关闭.

-------------------------------------------------------------------------------------------------------------
日志时间：2022-11-10 11:31:53,095 
日志级别：INFO   
日志内容：串口COM2已关闭.

-------------------------------------------------------------------------------------------------------------
日志时间：2022-11-10 11:31:53,179 
日志级别：INFO   
日志内容：Error        2022-11-10 11:31:53.172                                                                            系统初始化失败！端口“COM5”不存在。

-------------------------------------------------------------------------------------------------------------
日志时间：2022-11-10 11:32:12,977 
日志级别：INFO   
日志内容：Error        2022-11-10 11:32:12.972                                                                            系统初始化失败！端口“COM5”不存在。

-------------------------------------------------------------------------------------------------------------
日志时间：2022-11-10 11:47:50,082 
日志级别：INFO   
日志内容：串口COM1已打开.

-------------------------------------------------------------------------------------------------------------
日志时间：2022-11-10 11:47:50,086 
日志级别：INFO   
日志内容：串口COM2已打开.

-------------------------------------------------------------------------------------------------------------
日志时间：2022-11-10 11:47:52,113 
日志级别：INFO   
日志内容：串口COM1已关闭.

-------------------------------------------------------------------------------------------------------------
日志时间：2022-11-10 11:47:52,125 
日志级别：INFO   
日志内容：串口COM2已关闭.

-------------------------------------------------------------------------------------------------------------
日志时间：2022-11-10 11:48:08,206 
日志级别：INFO   
日志内容：串口COM1已打开.

-------------------------------------------------------------------------------------------------------------
日志时间：2022-11-10 11:48:08,211 
日志级别：INFO   
日志内容：串口COM2已打开.

-------------------------------------------------------------------------------------------------------------
日志时间：2022-11-10 11:48:16,896 
日志级别：INFO   
日志内容：用户【SLC26259】登录成功

-------------------------------------------------------------------------------------------------------------
日志时间：2022-11-10 11:48:20,923 
日志级别：INFO   
日志内容：串口COM1已关闭.

-------------------------------------------------------------------------------------------------------------
日志时间：2022-11-10 11:48:20,935 
日志级别：INFO   
日志内容：串口COM2已关闭.

-------------------------------------------------------------------------------------------------------------
日志时间：2022-11-10 11:48:21,018 
日志级别：INFO   
日志内容：Error        2022-11-10 11:48:21.012                                                                            系统初始化失败！端口“COM5”不存在。

-------------------------------------------------------------------------------------------------------------
日志时间：2022-11-10 11:48:35,362 
日志级别：INFO   
日志内容：Error        2022-11-10 11:48:35.356                                                                            系统初始化失败！端口“COM5”不存在。

-------------------------------------------------------------------------------------------------------------
日志时间：2022-11-10 11:49:11,668 
日志级别：INFO   
日志内容：串口COM1已打开.

-------------------------------------------------------------------------------------------------------------
日志时间：2022-11-10 11:49:11,672 
日志级别：INFO   
日志内容：串口COM2已打开.

-------------------------------------------------------------------------------------------------------------
日志时间：2022-11-10 11:49:16,804 
日志级别：INFO   
日志内容：用户【SLC26259】登录成功

-------------------------------------------------------------------------------------------------------------
日志时间：2022-11-10 11:49:22,992 
日志级别：INFO   
日志内容：串口COM1已关闭.

-------------------------------------------------------------------------------------------------------------
日志时间：2022-11-10 11:49:23,003 
日志级别：INFO   
日志内容：串口COM2已关闭.

-------------------------------------------------------------------------------------------------------------
日志时间：2022-11-10 11:49:23,086 
日志级别：INFO   
日志内容：Error        2022-11-10 11:49:23.079                                                                            系统初始化失败！端口“COM5”不存在。

-------------------------------------------------------------------------------------------------------------
日志时间：2022-11-10 13:49:39,222 
日志级别：INFO   
日志内容：串口COM1已打开.

-------------------------------------------------------------------------------------------------------------
日志时间：2022-11-10 13:49:39,226 
日志级别：INFO   
日志内容：串口COM2已打开.

-------------------------------------------------------------------------------------------------------------
日志时间：2022-11-10 13:50:05,899 
日志级别：INFO   
日志内容：用户【SLC26259】登录成功

-------------------------------------------------------------------------------------------------------------
日志时间：2022-11-10 13:50:09,703 
日志级别：INFO   
日志内容：串口COM1已关闭.

-------------------------------------------------------------------------------------------------------------
日志时间：2022-11-10 13:50:09,716 
日志级别：INFO   
日志内容：串口COM2已关闭.

-------------------------------------------------------------------------------------------------------------
日志时间：2022-11-10 13:50:09,796 
日志级别：INFO   
日志内容：Error        2022-11-10 13:50:09.789                                                                            系统初始化失败！端口“COM5”不存在。

-------------------------------------------------------------------------------------------------------------
日志时间：2022-11-10 13:51:01,120 
日志级别：INFO   
日志内容：串口COM1已打开.

-------------------------------------------------------------------------------------------------------------
日志时间：2022-11-10 13:51:01,126 
日志级别：INFO   
日志内容：串口COM2已打开.

-------------------------------------------------------------------------------------------------------------
日志时间：2022-11-10 13:51:06,549 
日志级别：INFO   
日志内容：用户【SLC26259】登录成功

-------------------------------------------------------------------------------------------------------------
日志时间：2022-11-10 13:51:11,282 
日志级别：INFO   
日志内容：串口COM1已关闭.

-------------------------------------------------------------------------------------------------------------
日志时间：2022-11-10 13:51:11,294 
日志级别：INFO   
日志内容：串口COM2已关闭.

