-------------------------------------------------------------------------------------------------------------
日志时间：2022-11-14 13:48:26,035 
日志级别：INFO   
日志内容：串口COM1已打开.

-------------------------------------------------------------------------------------------------------------
日志时间：2022-11-14 13:48:26,044 
日志级别：INFO   
日志内容：串口COM2已打开.

-------------------------------------------------------------------------------------------------------------
日志时间：2022-11-14 13:48:32,826 
日志级别：INFO   
日志内容：用户【SLC26259】登录成功

-------------------------------------------------------------------------------------------------------------
日志时间：2022-11-14 13:49:11,553 
日志级别：INFO   
日志内容：串口COM1已关闭.

-------------------------------------------------------------------------------------------------------------
日志时间：2022-11-14 13:49:11,566 
日志级别：INFO   
日志内容：串口COM2已关闭.

-------------------------------------------------------------------------------------------------------------
日志时间：2022-11-14 13:50:21,995 
日志级别：INFO   
日志内容：串口COM1已打开.

-------------------------------------------------------------------------------------------------------------
日志时间：2022-11-14 13:50:22,000 
日志级别：INFO   
日志内容：串口COM2已打开.

-------------------------------------------------------------------------------------------------------------
日志时间：2022-11-14 13:50:27,820 
日志级别：INFO   
日志内容：用户【SLC26259】登录成功

-------------------------------------------------------------------------------------------------------------
日志时间：2022-11-14 13:51:35,519 
日志级别：INFO   
日志内容：串口COM1已关闭.

-------------------------------------------------------------------------------------------------------------
日志时间：2022-11-14 13:51:35,532 
日志级别：INFO   
日志内容：串口COM2已关闭.

