-------------------------------------------------------------------------------------------------------------
日志时间：2022-10-17 08:49:32,222 
日志级别：INFO   
日志内容：串口COM1已打开.

-------------------------------------------------------------------------------------------------------------
日志时间：2022-10-17 08:49:32,227 
日志级别：INFO   
日志内容：串口COM2已打开.

-------------------------------------------------------------------------------------------------------------
日志时间：2022-10-17 08:49:39,852 
日志级别：INFO   
日志内容：用户【SLC26259】登录成功

-------------------------------------------------------------------------------------------------------------
日志时间：2022-10-17 08:49:45,534 
日志级别：INFO   
日志内容：串口COM1已关闭.

-------------------------------------------------------------------------------------------------------------
日志时间：2022-10-17 08:49:45,559 
日志级别：INFO   
日志内容：串口COM2已关闭.

-------------------------------------------------------------------------------------------------------------
日志时间：2022-10-17 08:49:45,700 
日志级别：INFO   
日志内容：Error        2022-10-17 08:49:45.671                                                                            系统初始化失败！端口“COM5”不存在。

-------------------------------------------------------------------------------------------------------------
日志时间：2022-10-17 08:51:37,423 
日志级别：INFO   
日志内容：串口COM1已打开.

-------------------------------------------------------------------------------------------------------------
日志时间：2022-10-17 08:51:37,428 
日志级别：INFO   
日志内容：串口COM2已打开.

-------------------------------------------------------------------------------------------------------------
日志时间：2022-10-17 08:51:42,924 
日志级别：INFO   
日志内容：用户【SLC26259】登录成功

-------------------------------------------------------------------------------------------------------------
日志时间：2022-10-17 08:52:20,313 
日志级别：INFO   
日志内容：串口COM1已打开.

-------------------------------------------------------------------------------------------------------------
日志时间：2022-10-17 08:52:20,317 
日志级别：INFO   
日志内容：串口COM2已打开.

-------------------------------------------------------------------------------------------------------------
日志时间：2022-10-17 08:52:24,438 
日志级别：INFO   
日志内容：用户【SLC26259】登录成功

-------------------------------------------------------------------------------------------------------------
日志时间：2022-10-17 08:52:53,666 
日志级别：INFO   
日志内容：串口COM1已关闭.

-------------------------------------------------------------------------------------------------------------
日志时间：2022-10-17 08:52:53,679 
日志级别：INFO   
日志内容：串口COM2已关闭.

-------------------------------------------------------------------------------------------------------------
日志时间：2022-10-17 08:53:22,277 
日志级别：INFO   
日志内容：Error        2022-10-17 08:53:22.270                                                                            系统初始化失败！端口“COM5”不存在。

-------------------------------------------------------------------------------------------------------------
日志时间：2022-10-17 08:53:51,280 
日志级别：INFO   
日志内容：串口COM1已打开.

-------------------------------------------------------------------------------------------------------------
日志时间：2022-10-17 08:53:51,285 
日志级别：INFO   
日志内容：串口COM2已打开.

-------------------------------------------------------------------------------------------------------------
日志时间：2022-10-17 08:53:53,084 
日志级别：INFO   
日志内容：串口COM1已关闭.

-------------------------------------------------------------------------------------------------------------
日志时间：2022-10-17 08:53:53,096 
日志级别：INFO   
日志内容：串口COM2已关闭.

-------------------------------------------------------------------------------------------------------------
日志时间：2022-10-17 08:54:27,382 
日志级别：INFO   
日志内容：串口COM1已打开.

-------------------------------------------------------------------------------------------------------------
日志时间：2022-10-17 08:54:27,387 
日志级别：INFO   
日志内容：串口COM2已打开.

-------------------------------------------------------------------------------------------------------------
日志时间：2022-10-17 08:54:33,210 
日志级别：INFO   
日志内容：用户【SLC26259】登录成功

-------------------------------------------------------------------------------------------------------------
日志时间：2022-10-17 08:54:37,665 
日志级别：INFO   
日志内容：串口COM1已关闭.

-------------------------------------------------------------------------------------------------------------
日志时间：2022-10-17 08:54:37,678 
日志级别：INFO   
日志内容：串口COM2已关闭.

-------------------------------------------------------------------------------------------------------------
日志时间：2022-10-17 08:54:37,768 
日志级别：INFO   
日志内容：Error        2022-10-17 08:54:37.761                                                                            系统初始化失败！端口“COM5”不存在。

-------------------------------------------------------------------------------------------------------------
日志时间：2022-10-17 09:41:26,162 
日志级别：INFO   
日志内容：串口COM1已打开.

-------------------------------------------------------------------------------------------------------------
日志时间：2022-10-17 09:41:26,167 
日志级别：INFO   
日志内容：串口COM2已打开.

-------------------------------------------------------------------------------------------------------------
日志时间：2022-10-17 09:41:56,266 
日志级别：INFO   
日志内容：串口COM1已关闭.

-------------------------------------------------------------------------------------------------------------
日志时间：2022-10-17 09:41:56,277 
日志级别：INFO   
日志内容：串口COM2已关闭.

-------------------------------------------------------------------------------------------------------------
日志时间：2022-10-17 15:13:14,818 
日志级别：INFO   
日志内容：串口COM1已打开.

-------------------------------------------------------------------------------------------------------------
日志时间：2022-10-17 15:13:14,823 
日志级别：INFO   
日志内容：串口COM2已打开.

-------------------------------------------------------------------------------------------------------------
日志时间：2022-10-17 15:13:37,799 
日志级别：INFO   
日志内容：用户【SLC26260】登录成功

-------------------------------------------------------------------------------------------------------------
日志时间：2022-10-17 15:15:00,427 
日志级别：INFO   
日志内容：串口COM1已打开.

-------------------------------------------------------------------------------------------------------------
日志时间：2022-10-17 15:15:00,432 
日志级别：INFO   
日志内容：串口COM2已打开.

-------------------------------------------------------------------------------------------------------------
日志时间：2022-10-17 15:15:08,153 
日志级别：INFO   
日志内容：用户【SLC26260】登录成功

