-------------------------------------------------------------------------------------------------------------
日志时间：2022-08-08 14:22:05,239 
日志级别：INFO   
日志内容：串口COM1已打开.

-------------------------------------------------------------------------------------------------------------
日志时间：2022-08-08 14:22:05,255 
日志级别：INFO   
日志内容：串口COM2已打开.

-------------------------------------------------------------------------------------------------------------
日志时间：2022-08-08 14:22:05,291 
日志级别：INFO   
日志内容：串口COM4已打开.

-------------------------------------------------------------------------------------------------------------
日志时间：2022-08-08 14:22:20,845 
日志级别：INFO   
日志内容：用户【SLC24718】登录成功

-------------------------------------------------------------------------------------------------------------
日志时间：2022-08-08 14:24:23,005 
日志级别：INFO   
日志内容：串口COM1已关闭.

-------------------------------------------------------------------------------------------------------------
日志时间：2022-08-08 14:24:23,018 
日志级别：INFO   
日志内容：串口COM2已关闭.

-------------------------------------------------------------------------------------------------------------
日志时间：2022-08-08 14:32:40,837 
日志级别：INFO   
日志内容：串口COM1已打开.

-------------------------------------------------------------------------------------------------------------
日志时间：2022-08-08 14:32:40,844 
日志级别：INFO   
日志内容：串口COM2已打开.

-------------------------------------------------------------------------------------------------------------
日志时间：2022-08-08 14:32:40,868 
日志级别：INFO   
日志内容：串口COM4已打开.

-------------------------------------------------------------------------------------------------------------
日志时间：2022-08-08 14:32:55,277 
日志级别：INFO   
日志内容：用户【SLC24718】登录成功

-------------------------------------------------------------------------------------------------------------
日志时间：2022-08-08 14:33:16,222 
日志级别：INFO   
日志内容：串口COM1已关闭.

-------------------------------------------------------------------------------------------------------------
日志时间：2022-08-08 14:33:16,234 
日志级别：INFO   
日志内容：串口COM2已关闭.

-------------------------------------------------------------------------------------------------------------
日志时间：2022-08-08 14:34:44,565 
日志级别：INFO   
日志内容：串口COM1已打开.

-------------------------------------------------------------------------------------------------------------
日志时间：2022-08-08 14:34:44,600 
日志级别：INFO   
日志内容：串口COM2已打开.

-------------------------------------------------------------------------------------------------------------
日志时间：2022-08-08 14:34:44,636 
日志级别：INFO   
日志内容：串口COM4已打开.

-------------------------------------------------------------------------------------------------------------
日志时间：2022-08-08 14:34:56,454 
日志级别：INFO   
日志内容：用户【SLC24718】登录成功

-------------------------------------------------------------------------------------------------------------
日志时间：2022-08-08 14:35:15,145 
日志级别：INFO   
日志内容：串口COM1已关闭.

-------------------------------------------------------------------------------------------------------------
日志时间：2022-08-08 14:35:15,157 
日志级别：INFO   
日志内容：串口COM2已关闭.

-------------------------------------------------------------------------------------------------------------
日志时间：2022-08-08 14:53:26,185 
日志级别：INFO   
日志内容：串口COM1已打开.

-------------------------------------------------------------------------------------------------------------
日志时间：2022-08-08 14:53:26,194 
日志级别：INFO   
日志内容：串口COM2已打开.

-------------------------------------------------------------------------------------------------------------
日志时间：2022-08-08 14:53:26,247 
日志级别：INFO   
日志内容：串口COM4已打开.

-------------------------------------------------------------------------------------------------------------
日志时间：2022-08-08 14:53:44,264 
日志级别：INFO   
日志内容：用户【SLC24718】登录成功

-------------------------------------------------------------------------------------------------------------
日志时间：2022-08-08 14:54:19,801 
日志级别：INFO   
日志内容：串口COM1已关闭.

-------------------------------------------------------------------------------------------------------------
日志时间：2022-08-08 14:54:19,813 
日志级别：INFO   
日志内容：串口COM2已关闭.

-------------------------------------------------------------------------------------------------------------
日志时间：2022-08-08 14:57:32,256 
日志级别：INFO   
日志内容：串口COM4已关闭.

