-------------------------------------------------------------------------------------------------------------
日志时间：2022-10-11 14:22:09,009 
日志级别：INFO   
日志内容：串口COM1已打开.

-------------------------------------------------------------------------------------------------------------
日志时间：2022-10-11 14:22:09,013 
日志级别：INFO   
日志内容：串口COM2已打开.

-------------------------------------------------------------------------------------------------------------
日志时间：2022-10-11 14:22:09,022 
日志级别：INFO   
日志内容：串口COM4已打开.

-------------------------------------------------------------------------------------------------------------
日志时间：2022-10-11 14:22:21,929 
日志级别：INFO   
日志内容：用户【SLC26259】登录成功

-------------------------------------------------------------------------------------------------------------
日志时间：2022-10-11 14:22:27,028 
日志级别：INFO   
日志内容：串口COM1已关闭.

-------------------------------------------------------------------------------------------------------------
日志时间：2022-10-11 14:22:27,041 
日志级别：INFO   
日志内容：串口COM2已关闭.

-------------------------------------------------------------------------------------------------------------
日志时间：2022-10-11 14:22:27,041 
日志级别：INFO   
日志内容：串口COM4已关闭.

-------------------------------------------------------------------------------------------------------------
日志时间：2022-10-11 14:22:27,136 
日志级别：INFO   
日志内容：Error        2022-10-11 14:22:27.130                                                                            系统初始化失败！端口“COM5”不存在。

-------------------------------------------------------------------------------------------------------------
日志时间：2022-10-11 14:23:41,462 
日志级别：INFO   
日志内容：串口COM1已打开.

-------------------------------------------------------------------------------------------------------------
日志时间：2022-10-11 14:23:41,465 
日志级别：INFO   
日志内容：串口COM2已打开.

-------------------------------------------------------------------------------------------------------------
日志时间：2022-10-11 14:23:41,479 
日志级别：INFO   
日志内容：串口COM4已打开.

-------------------------------------------------------------------------------------------------------------
日志时间：2022-10-11 14:23:47,390 
日志级别：INFO   
日志内容：用户【SLC26259】登录成功

-------------------------------------------------------------------------------------------------------------
日志时间：2022-10-11 14:23:53,414 
日志级别：INFO   
日志内容：串口COM1已关闭.

-------------------------------------------------------------------------------------------------------------
日志时间：2022-10-11 14:23:53,427 
日志级别：INFO   
日志内容：串口COM2已关闭.

-------------------------------------------------------------------------------------------------------------
日志时间：2022-10-11 14:23:53,434 
日志级别：INFO   
日志内容：串口COM4已关闭.

-------------------------------------------------------------------------------------------------------------
日志时间：2022-10-11 14:23:53,538 
日志级别：INFO   
日志内容：Error        2022-10-11 14:23:53.530                                                                            系统初始化失败！端口“COM5”不存在。

-------------------------------------------------------------------------------------------------------------
日志时间：2022-10-11 14:24:48,510 
日志级别：INFO   
日志内容：串口COM1已打开.

-------------------------------------------------------------------------------------------------------------
日志时间：2022-10-11 14:24:48,514 
日志级别：INFO   
日志内容：串口COM2已打开.

-------------------------------------------------------------------------------------------------------------
日志时间：2022-10-11 14:24:48,527 
日志级别：INFO   
日志内容：串口COM4已打开.

-------------------------------------------------------------------------------------------------------------
日志时间：2022-10-11 14:24:54,938 
日志级别：INFO   
日志内容：用户【SLC26259】登录成功

-------------------------------------------------------------------------------------------------------------
日志时间：2022-10-11 14:25:39,787 
日志级别：INFO   
日志内容：串口COM1已关闭.

-------------------------------------------------------------------------------------------------------------
日志时间：2022-10-11 14:25:39,800 
日志级别：INFO   
日志内容：串口COM2已关闭.

-------------------------------------------------------------------------------------------------------------
日志时间：2022-10-11 14:25:39,806 
日志级别：INFO   
日志内容：串口COM4已关闭.

-------------------------------------------------------------------------------------------------------------
日志时间：2022-10-11 14:25:39,901 
日志级别：INFO   
日志内容：Error        2022-10-11 14:25:39.892                                                                            系统初始化失败！端口“COM5”不存在。

-------------------------------------------------------------------------------------------------------------
日志时间：2022-10-11 14:26:58,930 
日志级别：INFO   
日志内容：串口COM1已打开.

-------------------------------------------------------------------------------------------------------------
日志时间：2022-10-11 14:26:58,934 
日志级别：INFO   
日志内容：串口COM2已打开.

-------------------------------------------------------------------------------------------------------------
日志时间：2022-10-11 14:26:58,949 
日志级别：INFO   
日志内容：串口COM4已打开.

-------------------------------------------------------------------------------------------------------------
日志时间：2022-10-11 14:27:05,950 
日志级别：INFO   
日志内容：用户【SLC26259】登录成功

-------------------------------------------------------------------------------------------------------------
日志时间：2022-10-11 14:27:15,421 
日志级别：INFO   
日志内容：串口COM1已关闭.

-------------------------------------------------------------------------------------------------------------
日志时间：2022-10-11 14:27:15,431 
日志级别：INFO   
日志内容：串口COM2已关闭.

-------------------------------------------------------------------------------------------------------------
日志时间：2022-10-11 14:27:15,435 
日志级别：INFO   
日志内容：串口COM4已关闭.

-------------------------------------------------------------------------------------------------------------
日志时间：2022-10-11 14:27:15,538 
日志级别：INFO   
日志内容：Error        2022-10-11 14:27:15.529                                                                            系统初始化失败！端口“COM5”不存在。

-------------------------------------------------------------------------------------------------------------
日志时间：2022-10-11 14:31:30,021 
日志级别：INFO   
日志内容：串口COM1已打开.

-------------------------------------------------------------------------------------------------------------
日志时间：2022-10-11 14:31:30,026 
日志级别：INFO   
日志内容：串口COM2已打开.

-------------------------------------------------------------------------------------------------------------
日志时间：2022-10-11 14:31:30,033 
日志级别：INFO   
日志内容：串口COM4已打开.

-------------------------------------------------------------------------------------------------------------
日志时间：2022-10-11 14:31:39,573 
日志级别：INFO   
日志内容：用户【SLC26259】登录成功

-------------------------------------------------------------------------------------------------------------
日志时间：2022-10-11 14:32:13,422 
日志级别：INFO   
日志内容：串口COM1已打开.

-------------------------------------------------------------------------------------------------------------
日志时间：2022-10-11 14:32:13,429 
日志级别：INFO   
日志内容：串口COM2已打开.

-------------------------------------------------------------------------------------------------------------
日志时间：2022-10-11 14:32:13,441 
日志级别：INFO   
日志内容：串口COM4已打开.

-------------------------------------------------------------------------------------------------------------
日志时间：2022-10-11 14:32:18,995 
日志级别：INFO   
日志内容：用户【SLC26259】登录成功

-------------------------------------------------------------------------------------------------------------
日志时间：2022-10-11 14:32:24,234 
日志级别：INFO   
日志内容：串口COM1已关闭.

-------------------------------------------------------------------------------------------------------------
日志时间：2022-10-11 14:32:24,246 
日志级别：INFO   
日志内容：串口COM2已关闭.

-------------------------------------------------------------------------------------------------------------
日志时间：2022-10-11 14:32:24,248 
日志级别：INFO   
日志内容：串口COM4已关闭.

-------------------------------------------------------------------------------------------------------------
日志时间：2022-10-11 14:32:24,352 
日志级别：INFO   
日志内容：Error        2022-10-11 14:32:24.344                                                                            系统初始化失败！端口“COM5”不存在。

